
2015-07-17 10:34:09
[INFO]-[Thread: main]-[edu.xust.warn.Core.getScheduler()]: ------- Initializing ----------------------

2015-07-17 10:34:09
[INFO]-[Thread: main]-[org.quartz.impl.StdSchedulerFactory.instantiate()]: Using default implementation for ThreadExecutor

2015-07-17 10:34:09
[INFO]-[Thread: main]-[org.quartz.simpl.SimpleThreadPool.initialize()]: Job execution threads will use class loader of thread: main

2015-07-17 10:34:09
[INFO]-[Thread: main]-[org.quartz.core.SchedulerSignalerImpl.<init>()]: Initialized Scheduler Signaller of type: class org.quartz.core.SchedulerSignalerImpl

2015-07-17 10:34:09
[INFO]-[Thread: main]-[org.quartz.core.QuartzScheduler.<init>()]: Quartz Scheduler v.2.2.1 created.

2015-07-17 10:34:09
[INFO]-[Thread: main]-[org.quartz.simpl.RAMJobStore.initialize()]: RAMJobStore initialized.

2015-07-17 10:34:09
[INFO]-[Thread: main]-[org.quartz.core.QuartzScheduler.initialize()]: Scheduler meta-data: Quartz Scheduler (v2.2.1) 'DefaultQuartzScheduler' with instanceId 'NON_CLUSTERED'
  Scheduler class: 'org.quartz.core.QuartzScheduler' - running locally.
  NOT STARTED.
  Currently in standby mode.
  Number of jobs executed: 0
  Using thread pool 'org.quartz.simpl.SimpleThreadPool' - with 10 threads.
  Using job-store 'org.quartz.simpl.RAMJobStore' - which does not support persistence. and is not clustered.


2015-07-17 10:34:09
[INFO]-[Thread: main]-[org.quartz.impl.StdSchedulerFactory.instantiate()]: Quartz scheduler 'DefaultQuartzScheduler' initialized from default resource file in Quartz package: 'quartz.properties'

2015-07-17 10:34:09
[INFO]-[Thread: main]-[org.quartz.impl.StdSchedulerFactory.instantiate()]: Quartz scheduler version: 2.2.1

2015-07-17 10:34:09
[INFO]-[Thread: main]-[edu.xust.warn.Core.getScheduler()]: ------- Initialization Complete -----------

2015-07-17 10:34:15
[INFO]-[Thread: AWT-EventQueue-0]-[edu.xust.warn.Core.run()]: ------- Scheduling Job  -------------------

2015-07-17 10:34:15
[INFO]-[Thread: AWT-EventQueue-0]-[edu.xust.warn.Core.run()]: ------- Starting Job Complete ----------------

2015-07-17 10:34:15
[INFO]-[Thread: AWT-EventQueue-0]-[edu.xust.warn.Core.run()]: ------- Starting Scheduler ----------------

2015-07-17 10:34:15
[INFO]-[Thread: AWT-EventQueue-0]-[org.quartz.core.QuartzScheduler.start()]: Scheduler DefaultQuartzScheduler_$_NON_CLUSTERED started.

2015-07-17 10:34:15
[INFO]-[Thread: AWT-EventQueue-0]-[edu.xust.warn.Core.run()]: ------- Started Scheduler -----------------

2015-07-17 10:34:15
[INFO]-[Thread: AWT-EventQueue-0]-[edu.xust.warn.Core.run()]: group1.GuoLuMainJob has been scheduled to run at: Fri Jul 17 10:34:15 CST 2015 and repeat based on expression: 0/3 * * * * ?

2015-07-17 10:34:15
[INFO]-[Thread: AWT-EventQueue-0]-[edu.xust.warn.Core.run()]: group1.GuoLuAuxJob has been scheduled to run at: Fri Jul 17 10:34:15 CST 2015 and repeat based on expression: 0/3 * * * * ?

2015-07-17 10:34:15
[INFO]-[Thread: AWT-EventQueue-0]-[edu.xust.warn.Core.run()]: group1.GuoLuoSafetyJob has been scheduled to run at: Fri Jul 17 10:34:15 CST 2015 and repeat based on expression: 0/5 * * * * ?

2015-07-17 10:34:15
[INFO]-[Thread: DefaultQuartzScheduler_Worker-1]-[edu.xust.job.GuoLuMainJob.execute()]: 锅炉专家 - 

2015-07-17 10:34:15
[INFO]-[Thread: DefaultQuartzScheduler_Worker-1]-[edu.xust.job.GuoLuMainJob.execute()]: 锅炉主体设备专家 - 开始分析

2015-07-17 10:34:15
[INFO]-[Thread: DefaultQuartzScheduler_Worker-2]-[edu.xust.job.GuoLuAuxJob.execute()]: 锅炉辅助设备专家 - 开始分析+++

2015-07-17 10:34:15
[INFO]-[Thread: DefaultQuartzScheduler_Worker-3]-[edu.xust.job.GuoLuoSafetyJob.execute()]: 锅炉评价专家 - 开始分析

2015-07-17 10:34:15
[INFO]-[Thread: DefaultQuartzScheduler_Worker-3]-[com.mchange.v2.log.MLog.<clinit>()]: MLog clients using log4j logging.

2015-07-17 10:34:16
[INFO]-[Thread: DefaultQuartzScheduler_Worker-3]-[com.mchange.v2.c3p0.C3P0Registry.banner()]: Initializing c3p0-0.9.1.1 [built 15-March-2007 01:32:31; debug? true; trace: 10]

2015-07-17 10:34:16
[INFO]-[Thread: DefaultQuartzScheduler_Worker-3]-[com.mchange.v2.c3p0.impl.AbstractPoolBackedDataSource.getPoolManager()]: Initializing c3p0 pool... com.mchange.v2.c3p0.ComboPooledDataSource [ acquireIncrement -> 5, acquireRetryAttempts -> 30, acquireRetryDelay -> 1000, autoCommitOnClose -> false, automaticTestTable -> null, breakAfterAcquireFailure -> false, checkoutTimeout -> 0, connectionCustomizerClassName -> null, connectionTesterClassName -> com.mchange.v2.c3p0.impl.DefaultConnectionTester, dataSourceName -> mydatasource, debugUnreturnedConnectionStackTraces -> false, description -> null, driverClass -> net.sourceforge.jtds.jdbc.Driver, factoryClassLocation -> null, forceIgnoreUnresolvedTransactions -> false, identityToken -> z8kflt9a16ovwwfkjhykl|1c3233b, idleConnectionTestPeriod -> 0, initialPoolSize -> 5, jdbcUrl -> jdbc:jtds:sqlserver://localhost/nanliangdb, lastAcquisitionFailureDefaultUser -> null, maxAdministrativeTaskTime -> 0, maxConnectionAge -> 0, maxIdleTime -> 240, maxIdleTimeExcessConnections -> 0, maxPoolSize -> 20, maxStatements -> 0, maxStatementsPerConnection -> 0, minPoolSize -> 5, numHelperThreads -> 3, numThreadsAwaitingCheckoutDefaultUser -> 0, preferredTestQuery -> null, properties -> {user=******, password=******}, propertyCycle -> 0, testConnectionOnCheckin -> false, testConnectionOnCheckout -> false, unreturnedConnectionTimeout -> 0, usesTraditionalReflectiveProxies -> false ]

2015-07-17 10:34:17
[INFO]-[Thread: DefaultQuartzScheduler_Worker-3]-[edu.xust.expert.guolu.count.AcceptData.datajieshou()]: 插入成功

2015-07-17 10:34:18
[INFO]-[Thread: DefaultQuartzScheduler_Worker-4]-[edu.xust.job.GuoLuAuxJob.execute()]: 锅炉辅助设备专家 - 开始分析+++

2015-07-17 10:34:18
[INFO]-[Thread: DefaultQuartzScheduler_Worker-5]-[edu.xust.job.GuoLuMainJob.execute()]: 锅炉专家 - 

2015-07-17 10:34:18
[INFO]-[Thread: DefaultQuartzScheduler_Worker-5]-[edu.xust.job.GuoLuMainJob.execute()]: 锅炉主体设备专家 - 开始分析

2015-07-17 10:34:18
[INFO]-[Thread: DefaultQuartzScheduler_Worker-2]-[edu.xust.expert.guolu.GuoLuAuxExpert.start()]: 辅助设备参数更新成功

2015-07-17 10:34:18
[INFO]-[Thread: DefaultQuartzScheduler_Worker-2]-[edu.xust.job.GuoLuAuxJob.execute()]: 锅炉辅助设备专家 - 结束分析

2015-07-17 10:34:18
[INFO]-[Thread: DefaultQuartzScheduler_Worker-4]-[edu.xust.expert.guolu.GuoLuAuxExpert.start()]: 辅助设备参数更新成功

2015-07-17 10:34:18
[INFO]-[Thread: DefaultQuartzScheduler_Worker-4]-[edu.xust.job.GuoLuAuxJob.execute()]: 锅炉辅助设备专家 - 结束分析

2015-07-17 10:34:18
[INFO]-[Thread: DefaultQuartzScheduler_Worker-1]-[edu.xust.expert.guolu.EachMembership.ff()]: 主体设备参数更新成功

2015-07-17 10:34:18
[INFO]-[Thread: DefaultQuartzScheduler_Worker-5]-[edu.xust.expert.guolu.EachMembership.ff()]: 主体设备参数更新成功

2015-07-17 10:34:18
[INFO]-[Thread: DefaultQuartzScheduler_Worker-5]-[edu.xust.job.GuoLuMainJob.execute()]: 锅炉主体设备专家- 结束分析

2015-07-17 10:34:18
[INFO]-[Thread: DefaultQuartzScheduler_Worker-1]-[edu.xust.job.GuoLuMainJob.execute()]: 锅炉主体设备专家- 结束分析

2015-07-17 10:34:20
[INFO]-[Thread: DefaultQuartzScheduler_Worker-6]-[edu.xust.job.GuoLuoSafetyJob.execute()]: 锅炉评价专家 - 开始分析

2015-07-17 10:34:20
[INFO]-[Thread: DefaultQuartzScheduler_Worker-6]-[edu.xust.expert.guolu.count.AcceptData.datajieshou()]: 插入成功

2015-07-17 10:34:21
[INFO]-[Thread: DefaultQuartzScheduler_Worker-7]-[edu.xust.job.GuoLuAuxJob.execute()]: 锅炉辅助设备专家 - 开始分析+++

2015-07-17 10:34:21
[INFO]-[Thread: DefaultQuartzScheduler_Worker-8]-[edu.xust.job.GuoLuMainJob.execute()]: 锅炉专家 - 

2015-07-17 10:34:21
[INFO]-[Thread: DefaultQuartzScheduler_Worker-8]-[edu.xust.job.GuoLuMainJob.execute()]: 锅炉主体设备专家 - 开始分析

2015-07-17 10:34:21
[INFO]-[Thread: DefaultQuartzScheduler_Worker-7]-[edu.xust.expert.guolu.GuoLuAuxExpert.start()]: 辅助设备参数更新成功

2015-07-17 10:34:21
[INFO]-[Thread: DefaultQuartzScheduler_Worker-7]-[edu.xust.job.GuoLuAuxJob.execute()]: 锅炉辅助设备专家 - 结束分析

2015-07-17 10:34:21
[INFO]-[Thread: DefaultQuartzScheduler_Worker-8]-[edu.xust.expert.guolu.EachMembership.ff()]: 主体设备参数更新成功

2015-07-17 10:34:21
[INFO]-[Thread: DefaultQuartzScheduler_Worker-8]-[edu.xust.job.GuoLuMainJob.execute()]: 锅炉主体设备专家- 结束分析

2015-07-17 10:34:21
[ERROR]-[Thread: DefaultQuartzScheduler_Worker-3]-[edu.xust.db.MyDB.executeSql()]: insert into GL_gjzyd_data(GJZYDDATA1,year1,month1,BH1) values(NaN,2015,6,0)

2015-07-17 10:34:21
[ERROR]-[Thread: DefaultQuartzScheduler_Worker-6]-[edu.xust.db.MyDB.executeSql()]: insert into GL_gjzyd_data(GJZYDDATA1,year1,month1,BH1) values(NaN,2015,6,0)

2015-07-17 10:34:21
[INFO]-[Thread: DefaultQuartzScheduler_Worker-3]-[edu.xust.expert.guolu.count.KeyFactor.guanianzhongyaodu()]: 插入失败

2015-07-17 10:34:21
[INFO]-[Thread: DefaultQuartzScheduler_Worker-6]-[edu.xust.expert.guolu.count.KeyFactor.guanianzhongyaodu()]: 插入失败

2015-07-17 10:34:21
[INFO]-[Thread: com.mchange.v2.async.ThreadPoolAsynchronousRunner$PoolThread-#1]-[com.mchange.v2.c3p0.SQLWarnings.logAndClearWarnings()]: Preparing the statement failed: 在此上下文中不允许使用名称 "NaN"。有效表达式包括常量、常量表达式和变量(在某些上下文中)。不允许使用列名。
java.sql.SQLWarning: Preparing the statement failed: 在此上下文中不允许使用名称 "NaN"。有效表达式包括常量、常量表达式和变量(在某些上下文中)。不允许使用列名。
	at net.sourceforge.jtds.jdbc.TdsCore.microsoftPrepare(TdsCore.java:1248)
	at net.sourceforge.jtds.jdbc.JtdsConnection.prepareSQL(JtdsConnection.java:708)
	at net.sourceforge.jtds.jdbc.JtdsPreparedStatement.execute(JtdsPreparedStatement.java:783)
	at com.mchange.v2.c3p0.impl.NewProxyPreparedStatement.execute(NewProxyPreparedStatement.java:989)
	at edu.xust.db.MyDB.executeSql(MyDB.java:96)
	at edu.xust.expert.guolu.count.KeyFactor.guanianzhongyaodu(KeyFactor.java:98)
	at edu.xust.expert.guolu.GuoLuoSafetyExpert.start(GuoLuoSafetyExpert.java:43)
	at edu.xust.job.GuoLuoSafetyJob.execute(GuoLuoSafetyJob.java:20)
	at org.quartz.core.JobRunShell.run(JobRunShell.java:202)
	at org.quartz.simpl.SimpleThreadPool$WorkerThread.run(SimpleThreadPool.java:573)
Caused by: java.sql.SQLException: 在此上下文中不允许使用名称 "NaN"。有效表达式包括常量、常量表达式和变量(在某些上下文中)。不允许使用列名。
	at net.sourceforge.jtds.jdbc.SQLDiagnostic.addDiagnostic(SQLDiagnostic.java:372)
	at net.sourceforge.jtds.jdbc.TdsCore.tdsErrorToken(TdsCore.java:2988)
	at net.sourceforge.jtds.jdbc.TdsCore.nextToken(TdsCore.java:2421)
	at net.sourceforge.jtds.jdbc.TdsCore.microsoftPrepare(TdsCore.java:1224)
	... 9 more

2015-07-17 10:34:21
[ERROR]-[Thread: DefaultQuartzScheduler_Worker-6]-[edu.xust.db.MyDB.executeSql()]: insert into GL_gjzyd_data(GJZYDDATA1,year1,month1,BH1) values(NaN,2015,6,1)

2015-07-17 10:34:21
[ERROR]-[Thread: DefaultQuartzScheduler_Worker-3]-[edu.xust.db.MyDB.executeSql()]: insert into GL_gjzyd_data(GJZYDDATA1,year1,month1,BH1) values(NaN,2015,6,1)

2015-07-17 10:34:21
[INFO]-[Thread: com.mchange.v2.async.ThreadPoolAsynchronousRunner$PoolThread-#0]-[com.mchange.v2.c3p0.SQLWarnings.logAndClearWarnings()]: Preparing the statement failed: 在此上下文中不允许使用名称 "NaN"。有效表达式包括常量、常量表达式和变量(在某些上下文中)。不允许使用列名。
java.sql.SQLWarning: Preparing the statement failed: 在此上下文中不允许使用名称 "NaN"。有效表达式包括常量、常量表达式和变量(在某些上下文中)。不允许使用列名。
	at net.sourceforge.jtds.jdbc.TdsCore.microsoftPrepare(TdsCore.java:1248)
	at net.sourceforge.jtds.jdbc.JtdsConnection.prepareSQL(JtdsConnection.java:708)
	at net.sourceforge.jtds.jdbc.JtdsPreparedStatement.execute(JtdsPreparedStatement.java:783)
	at com.mchange.v2.c3p0.impl.NewProxyPreparedStatement.execute(NewProxyPreparedStatement.java:989)
	at edu.xust.db.MyDB.executeSql(MyDB.java:96)
	at edu.xust.expert.guolu.count.KeyFactor.guanianzhongyaodu(KeyFactor.java:98)
	at edu.xust.expert.guolu.GuoLuoSafetyExpert.start(GuoLuoSafetyExpert.java:43)
	at edu.xust.job.GuoLuoSafetyJob.execute(GuoLuoSafetyJob.java:20)
	at org.quartz.core.JobRunShell.run(JobRunShell.java:202)
	at org.quartz.simpl.SimpleThreadPool$WorkerThread.run(SimpleThreadPool.java:573)
Caused by: java.sql.SQLException: 在此上下文中不允许使用名称 "NaN"。有效表达式包括常量、常量表达式和变量(在某些上下文中)。不允许使用列名。
	at net.sourceforge.jtds.jdbc.SQLDiagnostic.addDiagnostic(SQLDiagnostic.java:372)
	at net.sourceforge.jtds.jdbc.TdsCore.tdsErrorToken(TdsCore.java:2988)
	at net.sourceforge.jtds.jdbc.TdsCore.nextToken(TdsCore.java:2421)
	at net.sourceforge.jtds.jdbc.TdsCore.microsoftPrepare(TdsCore.java:1224)
	... 9 more

2015-07-17 10:34:25
[INFO]-[Thread: DefaultQuartzScheduler_Worker-2]-[edu.xust.job.GuoLuoSafetyJob.execute()]: 锅炉评价专家 - 开始分析

2015-07-17 10:34:24
[INFO]-[Thread: DefaultQuartzScheduler_Worker-10]-[edu.xust.job.GuoLuMainJob.execute()]: 锅炉专家 - 

2015-07-17 10:34:25
[INFO]-[Thread: DefaultQuartzScheduler_Worker-10]-[edu.xust.job.GuoLuMainJob.execute()]: 锅炉主体设备专家 - 开始分析

2015-07-17 10:34:24
[INFO]-[Thread: DefaultQuartzScheduler_Worker-9]-[edu.xust.job.GuoLuAuxJob.execute()]: 锅炉辅助设备专家 - 开始分析+++

2015-07-17 10:34:23
[INFO]-[Thread: com.mchange.v2.async.ThreadPoolAsynchronousRunner$PoolThread-#2]-[com.mchange.v2.c3p0.SQLWarnings.logAndClearWarnings()]: Preparing the statement failed: 在此上下文中不允许使用名称 "NaN"。有效表达式包括常量、常量表达式和变量(在某些上下文中)。不允许使用列名。
java.sql.SQLWarning: Preparing the statement failed: 在此上下文中不允许使用名称 "NaN"。有效表达式包括常量、常量表达式和变量(在某些上下文中)。不允许使用列名。
	at net.sourceforge.jtds.jdbc.TdsCore.microsoftPrepare(TdsCore.java:1248)
	at net.sourceforge.jtds.jdbc.JtdsConnection.prepareSQL(JtdsConnection.java:708)
	at net.sourceforge.jtds.jdbc.JtdsPreparedStatement.execute(JtdsPreparedStatement.java:783)
	at com.mchange.v2.c3p0.impl.NewProxyPreparedStatement.execute(NewProxyPreparedStatement.java:989)
	at edu.xust.db.MyDB.executeSql(MyDB.java:96)
	at edu.xust.expert.guolu.count.KeyFactor.guanianzhongyaodu(KeyFactor.java:98)
	at edu.xust.expert.guolu.GuoLuoSafetyExpert.start(GuoLuoSafetyExpert.java:43)
	at edu.xust.job.GuoLuoSafetyJob.execute(GuoLuoSafetyJob.java:20)
	at org.quartz.core.JobRunShell.run(JobRunShell.java:202)
	at org.quartz.simpl.SimpleThreadPool$WorkerThread.run(SimpleThreadPool.java:573)
Caused by: java.sql.SQLException: 在此上下文中不允许使用名称 "NaN"。有效表达式包括常量、常量表达式和变量(在某些上下文中)。不允许使用列名。
	at net.sourceforge.jtds.jdbc.SQLDiagnostic.addDiagnostic(SQLDiagnostic.java:372)
	at net.sourceforge.jtds.jdbc.TdsCore.tdsErrorToken(TdsCore.java:2988)
	at net.sourceforge.jtds.jdbc.TdsCore.nextToken(TdsCore.java:2421)
	at net.sourceforge.jtds.jdbc.TdsCore.microsoftPrepare(TdsCore.java:1224)
	... 9 more

2015-07-17 10:34:23
[INFO]-[Thread: DefaultQuartzScheduler_Worker-3]-[edu.xust.expert.guolu.count.KeyFactor.guanianzhongyaodu()]: 插入失败

2015-07-17 10:34:23
[INFO]-[Thread: com.mchange.v2.async.ThreadPoolAsynchronousRunner$PoolThread-#1]-[com.mchange.v2.c3p0.SQLWarnings.logAndClearWarnings()]: Preparing the statement failed: 在此上下文中不允许使用名称 "NaN"。有效表达式包括常量、常量表达式和变量(在某些上下文中)。不允许使用列名。
java.sql.SQLWarning: Preparing the statement failed: 在此上下文中不允许使用名称 "NaN"。有效表达式包括常量、常量表达式和变量(在某些上下文中)。不允许使用列名。
	at net.sourceforge.jtds.jdbc.TdsCore.microsoftPrepare(TdsCore.java:1248)
	at net.sourceforge.jtds.jdbc.JtdsConnection.prepareSQL(JtdsConnection.java:708)
	at net.sourceforge.jtds.jdbc.JtdsPreparedStatement.execute(JtdsPreparedStatement.java:783)
	at com.mchange.v2.c3p0.impl.NewProxyPreparedStatement.execute(NewProxyPreparedStatement.java:989)
	at edu.xust.db.MyDB.executeSql(MyDB.java:96)
	at edu.xust.expert.guolu.count.KeyFactor.guanianzhongyaodu(KeyFactor.java:98)
	at edu.xust.expert.guolu.GuoLuoSafetyExpert.start(GuoLuoSafetyExpert.java:43)
	at edu.xust.job.GuoLuoSafetyJob.execute(GuoLuoSafetyJob.java:20)
	at org.quartz.core.JobRunShell.run(JobRunShell.java:202)
	at org.quartz.simpl.SimpleThreadPool$WorkerThread.run(SimpleThreadPool.java:573)
Caused by: java.sql.SQLException: 在此上下文中不允许使用名称 "NaN"。有效表达式包括常量、常量表达式和变量(在某些上下文中)。不允许使用列名。
	at net.sourceforge.jtds.jdbc.SQLDiagnostic.addDiagnostic(SQLDiagnostic.java:372)
	at net.sourceforge.jtds.jdbc.TdsCore.tdsErrorToken(TdsCore.java:2988)
	at net.sourceforge.jtds.jdbc.TdsCore.nextToken(TdsCore.java:2421)
	at net.sourceforge.jtds.jdbc.TdsCore.microsoftPrepare(TdsCore.java:1224)
	... 9 more

2015-07-17 10:49:16
[INFO]-[Thread: main]-[edu.xust.warn.Core.getScheduler()]: ------- Initializing ----------------------

2015-07-17 10:49:16
[INFO]-[Thread: main]-[org.quartz.impl.StdSchedulerFactory.instantiate()]: Using default implementation for ThreadExecutor

2015-07-17 10:49:16
[INFO]-[Thread: main]-[org.quartz.simpl.SimpleThreadPool.initialize()]: Job execution threads will use class loader of thread: main

2015-07-17 10:49:16
[INFO]-[Thread: main]-[org.quartz.core.SchedulerSignalerImpl.<init>()]: Initialized Scheduler Signaller of type: class org.quartz.core.SchedulerSignalerImpl

2015-07-17 10:49:16
[INFO]-[Thread: main]-[org.quartz.core.QuartzScheduler.<init>()]: Quartz Scheduler v.2.2.1 created.

2015-07-17 10:49:16
[INFO]-[Thread: main]-[org.quartz.simpl.RAMJobStore.initialize()]: RAMJobStore initialized.

2015-07-17 10:49:16
[INFO]-[Thread: main]-[org.quartz.core.QuartzScheduler.initialize()]: Scheduler meta-data: Quartz Scheduler (v2.2.1) 'DefaultQuartzScheduler' with instanceId 'NON_CLUSTERED'
  Scheduler class: 'org.quartz.core.QuartzScheduler' - running locally.
  NOT STARTED.
  Currently in standby mode.
  Number of jobs executed: 0
  Using thread pool 'org.quartz.simpl.SimpleThreadPool' - with 10 threads.
  Using job-store 'org.quartz.simpl.RAMJobStore' - which does not support persistence. and is not clustered.


2015-07-17 10:49:17
[INFO]-[Thread: main]-[org.quartz.impl.StdSchedulerFactory.instantiate()]: Quartz scheduler 'DefaultQuartzScheduler' initialized from default resource file in Quartz package: 'quartz.properties'

2015-07-17 10:49:17
[INFO]-[Thread: main]-[org.quartz.impl.StdSchedulerFactory.instantiate()]: Quartz scheduler version: 2.2.1

2015-07-17 10:49:17
[INFO]-[Thread: main]-[edu.xust.warn.Core.getScheduler()]: ------- Initialization Complete -----------

2015-07-17 10:49:18
[INFO]-[Thread: AWT-EventQueue-0]-[edu.xust.warn.Core.run()]: ------- Scheduling Job  -------------------

2015-07-17 10:49:18
[INFO]-[Thread: AWT-EventQueue-0]-[edu.xust.warn.Core.run()]: ------- Starting Job Complete ----------------

2015-07-17 10:49:18
[INFO]-[Thread: AWT-EventQueue-0]-[edu.xust.warn.Core.run()]: ------- Starting Scheduler ----------------

2015-07-17 10:49:18
[INFO]-[Thread: AWT-EventQueue-0]-[org.quartz.core.QuartzScheduler.start()]: Scheduler DefaultQuartzScheduler_$_NON_CLUSTERED started.

2015-07-17 10:49:18
[INFO]-[Thread: AWT-EventQueue-0]-[edu.xust.warn.Core.run()]: ------- Started Scheduler -----------------

2015-07-17 10:49:18
[INFO]-[Thread: AWT-EventQueue-0]-[edu.xust.warn.Core.run()]: group1.GuoLuMainJob has been scheduled to run at: Fri Jul 17 10:49:18 CST 2015 and repeat based on expression: 0/3 * * * * ?

2015-07-17 10:49:18
[INFO]-[Thread: AWT-EventQueue-0]-[edu.xust.warn.Core.run()]: group1.GuoLuAuxJob has been scheduled to run at: Fri Jul 17 10:49:18 CST 2015 and repeat based on expression: 0/3 * * * * ?

2015-07-17 10:49:18
[INFO]-[Thread: AWT-EventQueue-0]-[edu.xust.warn.Core.run()]: group1.GuoLuoSafetyJob has been scheduled to run at: Fri Jul 17 10:49:20 CST 2015 and repeat based on expression: 0/5 * * * * ?

2015-07-17 10:49:18
[INFO]-[Thread: DefaultQuartzScheduler_Worker-1]-[edu.xust.job.GuoLuMainJob.execute()]: 锅炉专家 - 

2015-07-17 10:49:18
[INFO]-[Thread: DefaultQuartzScheduler_Worker-1]-[edu.xust.job.GuoLuMainJob.execute()]: 锅炉主体设备专家 - 开始分析

2015-07-17 10:49:18
[INFO]-[Thread: DefaultQuartzScheduler_Worker-2]-[edu.xust.job.GuoLuAuxJob.execute()]: 锅炉辅助设备专家 - 开始分析+++

2015-07-17 10:49:18
[INFO]-[Thread: DefaultQuartzScheduler_Worker-2]-[com.mchange.v2.log.MLog.<clinit>()]: MLog clients using log4j logging.

2015-07-17 10:49:18
[INFO]-[Thread: DefaultQuartzScheduler_Worker-2]-[com.mchange.v2.c3p0.C3P0Registry.banner()]: Initializing c3p0-0.9.1.1 [built 15-March-2007 01:32:31; debug? true; trace: 10]

2015-07-17 10:49:18
[INFO]-[Thread: DefaultQuartzScheduler_Worker-2]-[com.mchange.v2.c3p0.impl.AbstractPoolBackedDataSource.getPoolManager()]: Initializing c3p0 pool... com.mchange.v2.c3p0.ComboPooledDataSource [ acquireIncrement -> 5, acquireRetryAttempts -> 30, acquireRetryDelay -> 1000, autoCommitOnClose -> false, automaticTestTable -> null, breakAfterAcquireFailure -> false, checkoutTimeout -> 0, connectionCustomizerClassName -> null, connectionTesterClassName -> com.mchange.v2.c3p0.impl.DefaultConnectionTester, dataSourceName -> mydatasource, debugUnreturnedConnectionStackTraces -> false, description -> null, driverClass -> net.sourceforge.jtds.jdbc.Driver, factoryClassLocation -> null, forceIgnoreUnresolvedTransactions -> false, identityToken -> z8kflt9a16pf9i41unwls|365dc0, idleConnectionTestPeriod -> 0, initialPoolSize -> 5, jdbcUrl -> jdbc:jtds:sqlserver://localhost/nanliangdb, lastAcquisitionFailureDefaultUser -> null, maxAdministrativeTaskTime -> 0, maxConnectionAge -> 0, maxIdleTime -> 240, maxIdleTimeExcessConnections -> 0, maxPoolSize -> 20, maxStatements -> 0, maxStatementsPerConnection -> 0, minPoolSize -> 5, numHelperThreads -> 3, numThreadsAwaitingCheckoutDefaultUser -> 0, preferredTestQuery -> null, properties -> {user=******, password=******}, propertyCycle -> 0, testConnectionOnCheckin -> false, testConnectionOnCheckout -> false, unreturnedConnectionTimeout -> 0, usesTraditionalReflectiveProxies -> false ]

2015-07-17 10:49:20
[INFO]-[Thread: DefaultQuartzScheduler_Worker-3]-[edu.xust.job.GuoLuoSafetyJob.execute()]: 锅炉评价专家 - 开始分析

2015-07-17 10:49:20
[INFO]-[Thread: DefaultQuartzScheduler_Worker-3]-[edu.xust.expert.guolu.count.AcceptData.datajieshou()]: 插入成功

2015-07-17 10:49:20
[INFO]-[Thread: DefaultQuartzScheduler_Worker-2]-[edu.xust.expert.guolu.GuoLuAuxExpert.start()]: 辅助设备参数更新成功

2015-07-17 10:49:20
[INFO]-[Thread: DefaultQuartzScheduler_Worker-2]-[edu.xust.job.GuoLuAuxJob.execute()]: 锅炉辅助设备专家 - 结束分析

2015-07-17 10:49:20
[INFO]-[Thread: DefaultQuartzScheduler_Worker-1]-[edu.xust.expert.guolu.EachMembership.ff()]: 主体设备参数更新成功

2015-07-17 10:49:20
[INFO]-[Thread: DefaultQuartzScheduler_Worker-1]-[edu.xust.job.GuoLuMainJob.execute()]: 锅炉主体设备专家- 结束分析

2015-07-17 10:49:20
[ERROR]-[Thread: DefaultQuartzScheduler_Worker-3]-[edu.xust.db.MyDB.executeSql()]: insert into GL_gjzyd_data(GJZYDDATA1,year1,month1,BH1) values(NaN,2015,6,0)

2015-07-17 10:49:20
[INFO]-[Thread: DefaultQuartzScheduler_Worker-3]-[edu.xust.expert.guolu.count.KeyFactor.guanianzhongyaodu()]: 插入失败

2015-07-17 10:49:20
[INFO]-[Thread: com.mchange.v2.async.ThreadPoolAsynchronousRunner$PoolThread-#0]-[com.mchange.v2.c3p0.SQLWarnings.logAndClearWarnings()]: Preparing the statement failed: 在此上下文中不允许使用名称 "NaN"。有效表达式包括常量、常量表达式和变量(在某些上下文中)。不允许使用列名。
java.sql.SQLWarning: Preparing the statement failed: 在此上下文中不允许使用名称 "NaN"。有效表达式包括常量、常量表达式和变量(在某些上下文中)。不允许使用列名。
	at net.sourceforge.jtds.jdbc.TdsCore.microsoftPrepare(TdsCore.java:1248)
	at net.sourceforge.jtds.jdbc.JtdsConnection.prepareSQL(JtdsConnection.java:708)
	at net.sourceforge.jtds.jdbc.JtdsPreparedStatement.execute(JtdsPreparedStatement.java:783)
	at com.mchange.v2.c3p0.impl.NewProxyPreparedStatement.execute(NewProxyPreparedStatement.java:989)
	at edu.xust.db.MyDB.executeSql(MyDB.java:96)
	at edu.xust.expert.guolu.count.KeyFactor.guanianzhongyaodu(KeyFactor.java:98)
	at edu.xust.expert.guolu.GuoLuoSafetyExpert.start(GuoLuoSafetyExpert.java:43)
	at edu.xust.job.GuoLuoSafetyJob.execute(GuoLuoSafetyJob.java:20)
	at org.quartz.core.JobRunShell.run(JobRunShell.java:202)
	at org.quartz.simpl.SimpleThreadPool$WorkerThread.run(SimpleThreadPool.java:573)
Caused by: java.sql.SQLException: 在此上下文中不允许使用名称 "NaN"。有效表达式包括常量、常量表达式和变量(在某些上下文中)。不允许使用列名。
	at net.sourceforge.jtds.jdbc.SQLDiagnostic.addDiagnostic(SQLDiagnostic.java:372)
	at net.sourceforge.jtds.jdbc.TdsCore.tdsErrorToken(TdsCore.java:2988)
	at net.sourceforge.jtds.jdbc.TdsCore.nextToken(TdsCore.java:2421)
	at net.sourceforge.jtds.jdbc.TdsCore.microsoftPrepare(TdsCore.java:1224)
	... 9 more

2015-07-17 10:49:21
[INFO]-[Thread: DefaultQuartzScheduler_Worker-5]-[edu.xust.job.GuoLuMainJob.execute()]: 锅炉专家 - 

2015-07-17 10:49:22
[INFO]-[Thread: DefaultQuartzScheduler_Worker-5]-[edu.xust.job.GuoLuMainJob.execute()]: 锅炉主体设备专家 - 开始分析

2015-07-17 10:49:21
[INFO]-[Thread: DefaultQuartzScheduler_Worker-4]-[edu.xust.job.GuoLuAuxJob.execute()]: 锅炉辅助设备专家 - 开始分析+++

2015-07-17 10:49:20
[ERROR]-[Thread: DefaultQuartzScheduler_Worker-3]-[edu.xust.db.MyDB.executeSql()]: insert into GL_gjzyd_data(GJZYDDATA1,year1,month1,BH1) values(NaN,2015,6,1)

2015-07-17 10:49:22
[INFO]-[Thread: DefaultQuartzScheduler_Worker-3]-[edu.xust.expert.guolu.count.KeyFactor.guanianzhongyaodu()]: 插入失败

2015-07-17 10:49:22
[INFO]-[Thread: com.mchange.v2.async.ThreadPoolAsynchronousRunner$PoolThread-#0]-[com.mchange.v2.c3p0.SQLWarnings.logAndClearWarnings()]: Preparing the statement failed: 在此上下文中不允许使用名称 "NaN"。有效表达式包括常量、常量表达式和变量(在某些上下文中)。不允许使用列名。
java.sql.SQLWarning: Preparing the statement failed: 在此上下文中不允许使用名称 "NaN"。有效表达式包括常量、常量表达式和变量(在某些上下文中)。不允许使用列名。
	at net.sourceforge.jtds.jdbc.TdsCore.microsoftPrepare(TdsCore.java:1248)
	at net.sourceforge.jtds.jdbc.JtdsConnection.prepareSQL(JtdsConnection.java:708)
	at net.sourceforge.jtds.jdbc.JtdsPreparedStatement.execute(JtdsPreparedStatement.java:783)
	at com.mchange.v2.c3p0.impl.NewProxyPreparedStatement.execute(NewProxyPreparedStatement.java:989)
	at edu.xust.db.MyDB.executeSql(MyDB.java:96)
	at edu.xust.expert.guolu.count.KeyFactor.guanianzhongyaodu(KeyFactor.java:98)
	at edu.xust.expert.guolu.GuoLuoSafetyExpert.start(GuoLuoSafetyExpert.java:43)
	at edu.xust.job.GuoLuoSafetyJob.execute(GuoLuoSafetyJob.java:20)
	at org.quartz.core.JobRunShell.run(JobRunShell.java:202)
	at org.quartz.simpl.SimpleThreadPool$WorkerThread.run(SimpleThreadPool.java:573)
Caused by: java.sql.SQLException: 在此上下文中不允许使用名称 "NaN"。有效表达式包括常量、常量表达式和变量(在某些上下文中)。不允许使用列名。
	at net.sourceforge.jtds.jdbc.SQLDiagnostic.addDiagnostic(SQLDiagnostic.java:372)
	at net.sourceforge.jtds.jdbc.TdsCore.tdsErrorToken(TdsCore.java:2988)
	at net.sourceforge.jtds.jdbc.TdsCore.nextToken(TdsCore.java:2421)
	at net.sourceforge.jtds.jdbc.TdsCore.microsoftPrepare(TdsCore.java:1224)
	... 9 more

2015-07-17 10:49:24
[INFO]-[Thread: DefaultQuartzScheduler_Worker-7]-[edu.xust.job.GuoLuMainJob.execute()]: 锅炉专家 - 

2015-07-17 10:49:24
[INFO]-[Thread: DefaultQuartzScheduler_Worker-7]-[edu.xust.job.GuoLuMainJob.execute()]: 锅炉主体设备专家 - 开始分析

2015-07-17 10:49:24
[INFO]-[Thread: DefaultQuartzScheduler_Worker-6]-[edu.xust.job.GuoLuAuxJob.execute()]: 锅炉辅助设备专家 - 开始分析+++

2015-07-17 10:49:22
[INFO]-[Thread: DefaultQuartzScheduler_Worker-5]-[edu.xust.expert.guolu.EachMembership.ff()]: 主体设备参数更新成功

2015-07-17 10:49:24
[INFO]-[Thread: DefaultQuartzScheduler_Worker-5]-[edu.xust.job.GuoLuMainJob.execute()]: 锅炉主体设备专家- 结束分析

2015-07-17 10:49:22
[ERROR]-[Thread: DefaultQuartzScheduler_Worker-3]-[edu.xust.db.MyDB.executeSql()]: insert into GL_gjzyd_data(GJZYDDATA1,year1,month1,BH1) values(NaN,2015,6,2)

2015-07-17 10:49:22
[INFO]-[Thread: DefaultQuartzScheduler_Worker-4]-[edu.xust.expert.guolu.GuoLuAuxExpert.start()]: 辅助设备参数更新成功

2015-07-17 10:49:25
[INFO]-[Thread: DefaultQuartzScheduler_Worker-8]-[edu.xust.job.GuoLuoSafetyJob.execute()]: 锅炉评价专家 - 开始分析

2015-07-17 10:49:24
[INFO]-[Thread: DefaultQuartzScheduler_Worker-7]-[edu.xust.expert.guolu.EachMembership.ff()]: 主体设备参数更新成功

2015-07-17 10:49:24
[INFO]-[Thread: DefaultQuartzScheduler_Worker-6]-[edu.xust.expert.guolu.GuoLuAuxExpert.start()]: 辅助设备参数更新成功

2015-07-17 10:49:25
[INFO]-[Thread: DefaultQuartzScheduler_Worker-6]-[edu.xust.job.GuoLuAuxJob.execute()]: 锅炉辅助设备专家 - 结束分析

2015-07-17 10:49:25
[INFO]-[Thread: DefaultQuartzScheduler_Worker-7]-[edu.xust.job.GuoLuMainJob.execute()]: 锅炉主体设备专家- 结束分析

2015-07-17 10:49:25
[INFO]-[Thread: DefaultQuartzScheduler_Worker-3]-[edu.xust.expert.guolu.count.KeyFactor.guanianzhongyaodu()]: 插入失败

2015-07-17 10:49:25
[INFO]-[Thread: com.mchange.v2.async.ThreadPoolAsynchronousRunner$PoolThread-#0]-[com.mchange.v2.c3p0.SQLWarnings.logAndClearWarnings()]: Preparing the statement failed: 在此上下文中不允许使用名称 "NaN"。有效表达式包括常量、常量表达式和变量(在某些上下文中)。不允许使用列名。
java.sql.SQLWarning: Preparing the statement failed: 在此上下文中不允许使用名称 "NaN"。有效表达式包括常量、常量表达式和变量(在某些上下文中)。不允许使用列名。
	at net.sourceforge.jtds.jdbc.TdsCore.microsoftPrepare(TdsCore.java:1248)
	at net.sourceforge.jtds.jdbc.JtdsConnection.prepareSQL(JtdsConnection.java:708)
	at net.sourceforge.jtds.jdbc.JtdsPreparedStatement.execute(JtdsPreparedStatement.java:783)
	at com.mchange.v2.c3p0.impl.NewProxyPreparedStatement.execute(NewProxyPreparedStatement.java:989)
	at edu.xust.db.MyDB.executeSql(MyDB.java:96)
	at edu.xust.expert.guolu.count.KeyFactor.guanianzhongyaodu(KeyFactor.java:98)
	at edu.xust.expert.guolu.GuoLuoSafetyExpert.start(GuoLuoSafetyExpert.java:43)
	at edu.xust.job.GuoLuoSafetyJob.execute(GuoLuoSafetyJob.java:20)
	at org.quartz.core.JobRunShell.run(JobRunShell.java:202)
	at org.quartz.simpl.SimpleThreadPool$WorkerThread.run(SimpleThreadPool.java:573)
Caused by: java.sql.SQLException: 在此上下文中不允许使用名称 "NaN"。有效表达式包括常量、常量表达式和变量(在某些上下文中)。不允许使用列名。
	at net.sourceforge.jtds.jdbc.SQLDiagnostic.addDiagnostic(SQLDiagnostic.java:372)
	at net.sourceforge.jtds.jdbc.TdsCore.tdsErrorToken(TdsCore.java:2988)
	at net.sourceforge.jtds.jdbc.TdsCore.nextToken(TdsCore.java:2421)
	at net.sourceforge.jtds.jdbc.TdsCore.microsoftPrepare(TdsCore.java:1224)
	... 9 more

2015-07-17 10:49:25
[INFO]-[Thread: DefaultQuartzScheduler_Worker-4]-[edu.xust.job.GuoLuAuxJob.execute()]: 锅炉辅助设备专家 - 结束分析

2015-07-17 10:49:27
[INFO]-[Thread: DefaultQuartzScheduler_Worker-10]-[edu.xust.job.GuoLuMainJob.execute()]: 锅炉专家 - 

2015-07-17 10:49:27
[INFO]-[Thread: DefaultQuartzScheduler_Worker-9]-[edu.xust.job.GuoLuAuxJob.execute()]: 锅炉辅助设备专家 - 开始分析+++

2015-07-17 10:49:25
[ERROR]-[Thread: DefaultQuartzScheduler_Worker-3]-[edu.xust.db.MyDB.executeSql()]: insert into GL_gjzyd_data(GJZYDDATA1,year1,month1,BH1) values(NaN,2015,6,3)

2015-07-17 10:49:25
[INFO]-[Thread: DefaultQuartzScheduler_Worker-8]-[edu.xust.expert.guolu.count.AcceptData.datajieshou()]: 插入成功

2015-07-17 10:49:27
[INFO]-[Thread: DefaultQuartzScheduler_Worker-9]-[edu.xust.expert.guolu.GuoLuAuxExpert.start()]: 辅助设备参数更新成功

2015-07-17 10:49:28
[INFO]-[Thread: DefaultQuartzScheduler_Worker-9]-[edu.xust.job.GuoLuAuxJob.execute()]: 锅炉辅助设备专家 - 结束分析

2015-07-17 10:49:27
[INFO]-[Thread: DefaultQuartzScheduler_Worker-10]-[edu.xust.job.GuoLuMainJob.execute()]: 锅炉主体设备专家 - 开始分析

2015-07-17 10:49:28
[INFO]-[Thread: com.mchange.v2.async.ThreadPoolAsynchronousRunner$PoolThread-#0]-[com.mchange.v2.c3p0.SQLWarnings.logAndClearWarnings()]: Preparing the statement failed: 在此上下文中不允许使用名称 "NaN"。有效表达式包括常量、常量表达式和变量(在某些上下文中)。不允许使用列名。
java.sql.SQLWarning: Preparing the statement failed: 在此上下文中不允许使用名称 "NaN"。有效表达式包括常量、常量表达式和变量(在某些上下文中)。不允许使用列名。
	at net.sourceforge.jtds.jdbc.TdsCore.microsoftPrepare(TdsCore.java:1248)
	at net.sourceforge.jtds.jdbc.JtdsConnection.prepareSQL(JtdsConnection.java:708)
	at net.sourceforge.jtds.jdbc.JtdsPreparedStatement.execute(JtdsPreparedStatement.java:783)
	at com.mchange.v2.c3p0.impl.NewProxyPreparedStatement.execute(NewProxyPreparedStatement.java:989)
	at edu.xust.db.MyDB.executeSql(MyDB.java:96)
	at edu.xust.expert.guolu.count.KeyFactor.guanianzhongyaodu(KeyFactor.java:98)
	at edu.xust.expert.guolu.GuoLuoSafetyExpert.start(GuoLuoSafetyExpert.java:43)
	at edu.xust.job.GuoLuoSafetyJob.execute(GuoLuoSafetyJob.java:20)
	at org.quartz.core.JobRunShell.run(JobRunShell.java:202)
	at org.quartz.simpl.SimpleThreadPool$WorkerThread.run(SimpleThreadPool.java:573)
Caused by: java.sql.SQLException: 在此上下文中不允许使用名称 "NaN"。有效表达式包括常量、常量表达式和变量(在某些上下文中)。不允许使用列名。
	at net.sourceforge.jtds.jdbc.SQLDiagnostic.addDiagnostic(SQLDiagnostic.java:372)
	at net.sourceforge.jtds.jdbc.TdsCore.tdsErrorToken(TdsCore.java:2988)
	at net.sourceforge.jtds.jdbc.TdsCore.nextToken(TdsCore.java:2421)
	at net.sourceforge.jtds.jdbc.TdsCore.microsoftPrepare(TdsCore.java:1224)
	... 9 more

2015-07-17 10:49:28
[INFO]-[Thread: DefaultQuartzScheduler_Worker-3]-[edu.xust.expert.guolu.count.KeyFactor.guanianzhongyaodu()]: 插入失败

2015-07-17 10:49:30
[INFO]-[Thread: DefaultQuartzScheduler_Worker-5]-[edu.xust.job.GuoLuoSafetyJob.execute()]: 锅炉评价专家 - 开始分析

2015-07-17 10:49:30
[INFO]-[Thread: DefaultQuartzScheduler_Worker-1]-[edu.xust.job.GuoLuMainJob.execute()]: 锅炉专家 - 

2015-07-17 10:49:30
[INFO]-[Thread: DefaultQuartzScheduler_Worker-1]-[edu.xust.job.GuoLuMainJob.execute()]: 锅炉主体设备专家 - 开始分析

2015-07-17 10:49:30
[INFO]-[Thread: DefaultQuartzScheduler_Worker-2]-[edu.xust.job.GuoLuAuxJob.execute()]: 锅炉辅助设备专家 - 开始分析+++

2015-07-17 10:49:28
[INFO]-[Thread: DefaultQuartzScheduler_Worker-10]-[edu.xust.expert.guolu.EachMembership.ff()]: 主体设备参数更新成功

2015-07-17 10:49:30
[INFO]-[Thread: DefaultQuartzScheduler_Worker-10]-[edu.xust.job.GuoLuMainJob.execute()]: 锅炉主体设备专家- 结束分析

2015-07-17 11:01:03
[INFO]-[Thread: main]-[edu.xust.warn.Core.getScheduler()]: ------- Initializing ----------------------

2015-07-17 11:01:04
[INFO]-[Thread: main]-[org.quartz.impl.StdSchedulerFactory.instantiate()]: Using default implementation for ThreadExecutor

2015-07-17 11:01:04
[INFO]-[Thread: main]-[org.quartz.simpl.SimpleThreadPool.initialize()]: Job execution threads will use class loader of thread: main

2015-07-17 11:01:04
[INFO]-[Thread: main]-[org.quartz.core.SchedulerSignalerImpl.<init>()]: Initialized Scheduler Signaller of type: class org.quartz.core.SchedulerSignalerImpl

2015-07-17 11:01:04
[INFO]-[Thread: main]-[org.quartz.core.QuartzScheduler.<init>()]: Quartz Scheduler v.2.2.1 created.

2015-07-17 11:01:04
[INFO]-[Thread: main]-[org.quartz.simpl.RAMJobStore.initialize()]: RAMJobStore initialized.

2015-07-17 11:01:04
[INFO]-[Thread: main]-[org.quartz.core.QuartzScheduler.initialize()]: Scheduler meta-data: Quartz Scheduler (v2.2.1) 'DefaultQuartzScheduler' with instanceId 'NON_CLUSTERED'
  Scheduler class: 'org.quartz.core.QuartzScheduler' - running locally.
  NOT STARTED.
  Currently in standby mode.
  Number of jobs executed: 0
  Using thread pool 'org.quartz.simpl.SimpleThreadPool' - with 10 threads.
  Using job-store 'org.quartz.simpl.RAMJobStore' - which does not support persistence. and is not clustered.


2015-07-17 11:01:04
[INFO]-[Thread: main]-[org.quartz.impl.StdSchedulerFactory.instantiate()]: Quartz scheduler 'DefaultQuartzScheduler' initialized from default resource file in Quartz package: 'quartz.properties'

2015-07-17 11:01:04
[INFO]-[Thread: main]-[org.quartz.impl.StdSchedulerFactory.instantiate()]: Quartz scheduler version: 2.2.1

2015-07-17 11:01:04
[INFO]-[Thread: main]-[edu.xust.warn.Core.getScheduler()]: ------- Initialization Complete -----------

2015-07-17 11:01:05
[INFO]-[Thread: AWT-EventQueue-0]-[edu.xust.warn.Core.run()]: ------- Scheduling Job  -------------------

2015-07-17 11:01:05
[INFO]-[Thread: AWT-EventQueue-0]-[edu.xust.warn.Core.run()]: ------- Starting Job Complete ----------------

2015-07-17 11:01:05
[INFO]-[Thread: AWT-EventQueue-0]-[edu.xust.warn.Core.run()]: ------- Starting Scheduler ----------------

2015-07-17 11:01:05
[INFO]-[Thread: AWT-EventQueue-0]-[org.quartz.core.QuartzScheduler.start()]: Scheduler DefaultQuartzScheduler_$_NON_CLUSTERED started.

2015-07-17 11:01:05
[INFO]-[Thread: AWT-EventQueue-0]-[edu.xust.warn.Core.run()]: ------- Started Scheduler -----------------

2015-07-17 11:01:06
[INFO]-[Thread: AWT-EventQueue-0]-[edu.xust.warn.Core.run()]: group1.GuoLuMainJob has been scheduled to run at: Fri Jul 17 11:01:06 CST 2015 and repeat based on expression: 0/3 * * * * ?

2015-07-17 11:01:06
[INFO]-[Thread: AWT-EventQueue-0]-[edu.xust.warn.Core.run()]: group1.GuoLuAuxJob has been scheduled to run at: Fri Jul 17 11:01:06 CST 2015 and repeat based on expression: 0/3 * * * * ?

2015-07-17 11:01:06
[INFO]-[Thread: AWT-EventQueue-0]-[edu.xust.warn.Core.run()]: group1.GuoLuoSafetyJob has been scheduled to run at: Fri Jul 17 11:01:10 CST 2015 and repeat based on expression: 0/5 * * * * ?

2015-07-17 11:01:06
[INFO]-[Thread: DefaultQuartzScheduler_Worker-1]-[edu.xust.job.GuoLuMainJob.execute()]: 锅炉专家 - 

2015-07-17 11:01:06
[INFO]-[Thread: DefaultQuartzScheduler_Worker-1]-[edu.xust.job.GuoLuMainJob.execute()]: 锅炉主体设备专家 - 开始分析

2015-07-17 11:01:06
[INFO]-[Thread: DefaultQuartzScheduler_Worker-2]-[edu.xust.job.GuoLuAuxJob.execute()]: 锅炉辅助设备专家 - 开始分析+++

2015-07-17 11:01:06
[INFO]-[Thread: DefaultQuartzScheduler_Worker-2]-[com.mchange.v2.log.MLog.<clinit>()]: MLog clients using log4j logging.

2015-07-17 11:01:06
[INFO]-[Thread: DefaultQuartzScheduler_Worker-2]-[com.mchange.v2.c3p0.C3P0Registry.banner()]: Initializing c3p0-0.9.1.1 [built 15-March-2007 01:32:31; debug? true; trace: 10]

2015-07-17 11:01:06
[INFO]-[Thread: DefaultQuartzScheduler_Worker-2]-[com.mchange.v2.c3p0.impl.AbstractPoolBackedDataSource.getPoolManager()]: Initializing c3p0 pool... com.mchange.v2.c3p0.ComboPooledDataSource [ acquireIncrement -> 5, acquireRetryAttempts -> 30, acquireRetryDelay -> 1000, autoCommitOnClose -> false, automaticTestTable -> null, breakAfterAcquireFailure -> false, checkoutTimeout -> 0, connectionCustomizerClassName -> null, connectionTesterClassName -> com.mchange.v2.c3p0.impl.DefaultConnectionTester, dataSourceName -> mydatasource, debugUnreturnedConnectionStackTraces -> false, description -> null, driverClass -> net.sourceforge.jtds.jdbc.Driver, factoryClassLocation -> null, forceIgnoreUnresolvedTransactions -> false, identityToken -> 1hge17x9a16puf7i12etw39|19d41bd, idleConnectionTestPeriod -> 0, initialPoolSize -> 5, jdbcUrl -> jdbc:jtds:sqlserver://localhost/nanliangdb, lastAcquisitionFailureDefaultUser -> null, maxAdministrativeTaskTime -> 0, maxConnectionAge -> 0, maxIdleTime -> 240, maxIdleTimeExcessConnections -> 0, maxPoolSize -> 20, maxStatements -> 0, maxStatementsPerConnection -> 0, minPoolSize -> 5, numHelperThreads -> 3, numThreadsAwaitingCheckoutDefaultUser -> 0, preferredTestQuery -> null, properties -> {user=******, password=******}, propertyCycle -> 0, testConnectionOnCheckin -> false, testConnectionOnCheckout -> false, unreturnedConnectionTimeout -> 0, usesTraditionalReflectiveProxies -> false ]

2015-07-17 11:01:07
[INFO]-[Thread: DefaultQuartzScheduler_Worker-2]-[edu.xust.expert.guolu.GuoLuAuxExpert.start()]: 辅助设备参数更新成功

2015-07-17 11:01:07
[INFO]-[Thread: DefaultQuartzScheduler_Worker-2]-[edu.xust.job.GuoLuAuxJob.execute()]: 锅炉辅助设备专家 - 结束分析

2015-07-17 11:01:07
[INFO]-[Thread: DefaultQuartzScheduler_Worker-1]-[edu.xust.expert.guolu.EachMembership.ff()]: 主体设备参数更新成功

2015-07-17 11:01:07
[INFO]-[Thread: DefaultQuartzScheduler_Worker-1]-[edu.xust.job.GuoLuMainJob.execute()]: 锅炉主体设备专家- 结束分析

2015-07-17 11:01:09
[INFO]-[Thread: DefaultQuartzScheduler_Worker-3]-[edu.xust.job.GuoLuAuxJob.execute()]: 锅炉辅助设备专家 - 开始分析+++

2015-07-17 11:01:09
[INFO]-[Thread: DefaultQuartzScheduler_Worker-4]-[edu.xust.job.GuoLuMainJob.execute()]: 锅炉专家 - 

2015-07-17 11:01:09
[INFO]-[Thread: DefaultQuartzScheduler_Worker-4]-[edu.xust.job.GuoLuMainJob.execute()]: 锅炉主体设备专家 - 开始分析

2015-07-17 11:01:09
[INFO]-[Thread: DefaultQuartzScheduler_Worker-3]-[edu.xust.expert.guolu.GuoLuAuxExpert.start()]: 辅助设备参数更新成功

2015-07-17 11:01:09
[INFO]-[Thread: DefaultQuartzScheduler_Worker-3]-[edu.xust.job.GuoLuAuxJob.execute()]: 锅炉辅助设备专家 - 结束分析

2015-07-17 11:01:09
[INFO]-[Thread: DefaultQuartzScheduler_Worker-4]-[edu.xust.expert.guolu.EachMembership.ff()]: 主体设备参数更新成功

2015-07-17 11:01:09
[INFO]-[Thread: DefaultQuartzScheduler_Worker-4]-[edu.xust.job.GuoLuMainJob.execute()]: 锅炉主体设备专家- 结束分析

2015-07-17 11:01:10
[INFO]-[Thread: DefaultQuartzScheduler_Worker-5]-[edu.xust.job.GuoLuoSafetyJob.execute()]: 锅炉评价专家 - 开始分析

2015-07-17 11:01:10
[INFO]-[Thread: DefaultQuartzScheduler_Worker-5]-[edu.xust.expert.guolu.count.AcceptData.datajieshou()]: 插入成功

2015-07-17 11:01:10
[ERROR]-[Thread: DefaultQuartzScheduler_Worker-5]-[edu.xust.db.MyDB.executeSql()]: insert into GL_gjzyd_data(GJZYDDATA1,year1,month1,BH1) values(NaN,2015,6,0)

2015-07-17 11:01:10
[INFO]-[Thread: DefaultQuartzScheduler_Worker-5]-[edu.xust.expert.guolu.count.KeyFactor.guanianzhongyaodu()]: 插入失败

2015-07-17 11:01:10
[INFO]-[Thread: com.mchange.v2.async.ThreadPoolAsynchronousRunner$PoolThread-#1]-[com.mchange.v2.c3p0.SQLWarnings.logAndClearWarnings()]: Preparing the statement failed: 在此上下文中不允许使用名称 "NaN"。有效表达式包括常量、常量表达式和变量(在某些上下文中)。不允许使用列名。
java.sql.SQLWarning: Preparing the statement failed: 在此上下文中不允许使用名称 "NaN"。有效表达式包括常量、常量表达式和变量(在某些上下文中)。不允许使用列名。
	at net.sourceforge.jtds.jdbc.TdsCore.microsoftPrepare(TdsCore.java:1248)
	at net.sourceforge.jtds.jdbc.JtdsConnection.prepareSQL(JtdsConnection.java:708)
	at net.sourceforge.jtds.jdbc.JtdsPreparedStatement.execute(JtdsPreparedStatement.java:783)
	at com.mchange.v2.c3p0.impl.NewProxyPreparedStatement.execute(NewProxyPreparedStatement.java:989)
	at edu.xust.db.MyDB.executeSql(MyDB.java:96)
	at edu.xust.expert.guolu.count.KeyFactor.guanianzhongyaodu(KeyFactor.java:98)
	at edu.xust.expert.guolu.GuoLuoSafetyExpert.start(GuoLuoSafetyExpert.java:43)
	at edu.xust.job.GuoLuoSafetyJob.execute(GuoLuoSafetyJob.java:20)
	at org.quartz.core.JobRunShell.run(JobRunShell.java:202)
	at org.quartz.simpl.SimpleThreadPool$WorkerThread.run(SimpleThreadPool.java:573)
Caused by: java.sql.SQLException: 在此上下文中不允许使用名称 "NaN"。有效表达式包括常量、常量表达式和变量(在某些上下文中)。不允许使用列名。
	at net.sourceforge.jtds.jdbc.SQLDiagnostic.addDiagnostic(SQLDiagnostic.java:372)
	at net.sourceforge.jtds.jdbc.TdsCore.tdsErrorToken(TdsCore.java:2988)
	at net.sourceforge.jtds.jdbc.TdsCore.nextToken(TdsCore.java:2421)
	at net.sourceforge.jtds.jdbc.TdsCore.microsoftPrepare(TdsCore.java:1224)
	... 9 more

2015-07-23 18:42:47
[INFO]-[Thread: main]-[edu.xust.warn.Core.getScheduler()]: ------- Initializing ----------------------

2015-07-23 18:42:47
[INFO]-[Thread: main]-[org.quartz.impl.StdSchedulerFactory.instantiate()]: Using default implementation for ThreadExecutor

2015-07-23 18:42:47
[INFO]-[Thread: main]-[org.quartz.simpl.SimpleThreadPool.initialize()]: Job execution threads will use class loader of thread: main

2015-07-23 18:42:47
[INFO]-[Thread: main]-[org.quartz.core.SchedulerSignalerImpl.<init>()]: Initialized Scheduler Signaller of type: class org.quartz.core.SchedulerSignalerImpl

2015-07-23 18:42:47
[INFO]-[Thread: main]-[org.quartz.core.QuartzScheduler.<init>()]: Quartz Scheduler v.2.2.1 created.

2015-07-23 18:42:47
[INFO]-[Thread: main]-[org.quartz.simpl.RAMJobStore.initialize()]: RAMJobStore initialized.

2015-07-23 18:42:47
[INFO]-[Thread: main]-[org.quartz.core.QuartzScheduler.initialize()]: Scheduler meta-data: Quartz Scheduler (v2.2.1) 'DefaultQuartzScheduler' with instanceId 'NON_CLUSTERED'
  Scheduler class: 'org.quartz.core.QuartzScheduler' - running locally.
  NOT STARTED.
  Currently in standby mode.
  Number of jobs executed: 0
  Using thread pool 'org.quartz.simpl.SimpleThreadPool' - with 10 threads.
  Using job-store 'org.quartz.simpl.RAMJobStore' - which does not support persistence. and is not clustered.


2015-07-23 18:42:47
[INFO]-[Thread: main]-[org.quartz.impl.StdSchedulerFactory.instantiate()]: Quartz scheduler 'DefaultQuartzScheduler' initialized from default resource file in Quartz package: 'quartz.properties'

2015-07-23 18:42:47
[INFO]-[Thread: main]-[org.quartz.impl.StdSchedulerFactory.instantiate()]: Quartz scheduler version: 2.2.1

2015-07-23 18:42:47
[INFO]-[Thread: main]-[edu.xust.warn.Core.getScheduler()]: ------- Initialization Complete -----------

2015-07-23 18:42:50
[INFO]-[Thread: AWT-EventQueue-0]-[edu.xust.warn.Core.run()]: ------- Scheduling Job  -------------------

2015-07-23 18:42:50
[INFO]-[Thread: AWT-EventQueue-0]-[edu.xust.warn.Core.run()]: ------- Starting Job Complete ----------------

2015-07-23 18:42:50
[INFO]-[Thread: AWT-EventQueue-0]-[edu.xust.warn.Core.run()]: ------- Starting Scheduler ----------------

2015-07-23 18:42:50
[INFO]-[Thread: AWT-EventQueue-0]-[org.quartz.core.QuartzScheduler.start()]: Scheduler DefaultQuartzScheduler_$_NON_CLUSTERED started.

2015-07-23 18:42:50
[INFO]-[Thread: AWT-EventQueue-0]-[edu.xust.warn.Core.run()]: ------- Started Scheduler -----------------

2015-07-23 18:42:50
[INFO]-[Thread: AWT-EventQueue-0]-[edu.xust.warn.Core.run()]: group1.GuoLuMainJob has been scheduled to run at: Thu Jul 23 18:42:51 CST 2015 and repeat based on expression: 0/3 * * * * ?

2015-07-23 18:42:50
[INFO]-[Thread: AWT-EventQueue-0]-[edu.xust.warn.Core.run()]: group1.GuoLuAuxJob has been scheduled to run at: Thu Jul 23 18:42:51 CST 2015 and repeat based on expression: 0/3 * * * * ?

2015-07-23 18:42:50
[INFO]-[Thread: AWT-EventQueue-0]-[edu.xust.warn.Core.run()]: group1.GuoLuoSafetyJob has been scheduled to run at: Thu Jul 23 18:42:50 CST 2015 and repeat based on expression: 0/5 * * * * ?

2015-07-23 18:42:50
[INFO]-[Thread: DefaultQuartzScheduler_Worker-1]-[edu.xust.job.GuoLuoSafetyJob.execute()]: 锅炉评价专家 - 开始分析

2015-07-23 18:42:50
[INFO]-[Thread: DefaultQuartzScheduler_Worker-1]-[com.mchange.v2.log.MLog.<clinit>()]: MLog clients using log4j logging.

2015-07-23 18:42:51
[INFO]-[Thread: DefaultQuartzScheduler_Worker-3]-[edu.xust.job.GuoLuMainJob.execute()]: 锅炉专家 - 

2015-07-23 18:42:51
[INFO]-[Thread: DefaultQuartzScheduler_Worker-3]-[edu.xust.job.GuoLuMainJob.execute()]: 锅炉主体设备专家 - 开始分析

2015-07-23 18:42:51
[INFO]-[Thread: DefaultQuartzScheduler_Worker-2]-[edu.xust.job.GuoLuAuxJob.execute()]: 锅炉辅助设备专家 - 开始分析+++

2015-07-23 18:42:51
[INFO]-[Thread: DefaultQuartzScheduler_Worker-1]-[com.mchange.v2.c3p0.C3P0Registry.banner()]: Initializing c3p0-0.9.1.1 [built 15-March-2007 01:32:31; debug? true; trace: 10]

2015-07-23 18:42:51
[INFO]-[Thread: DefaultQuartzScheduler_Worker-1]-[com.mchange.v2.c3p0.impl.AbstractPoolBackedDataSource.getPoolManager()]: Initializing c3p0 pool... com.mchange.v2.c3p0.ComboPooledDataSource [ acquireIncrement -> 5, acquireRetryAttempts -> 30, acquireRetryDelay -> 1000, autoCommitOnClose -> false, automaticTestTable -> null, breakAfterAcquireFailure -> false, checkoutTimeout -> 0, connectionCustomizerClassName -> null, connectionTesterClassName -> com.mchange.v2.c3p0.impl.DefaultConnectionTester, dataSourceName -> mydatasource, debugUnreturnedConnectionStackTraces -> false, description -> null, driverClass -> net.sourceforge.jtds.jdbc.Driver, factoryClassLocation -> null, forceIgnoreUnresolvedTransactions -> false, identityToken -> 1hge17x9a1fqzceysms44j|18a04cb, idleConnectionTestPeriod -> 0, initialPoolSize -> 5, jdbcUrl -> jdbc:jtds:sqlserver://localhost/nanliangdb, lastAcquisitionFailureDefaultUser -> null, maxAdministrativeTaskTime -> 0, maxConnectionAge -> 0, maxIdleTime -> 240, maxIdleTimeExcessConnections -> 0, maxPoolSize -> 20, maxStatements -> 0, maxStatementsPerConnection -> 0, minPoolSize -> 5, numHelperThreads -> 3, numThreadsAwaitingCheckoutDefaultUser -> 0, preferredTestQuery -> null, properties -> {user=******, password=******}, propertyCycle -> 0, testConnectionOnCheckin -> false, testConnectionOnCheckout -> false, unreturnedConnectionTimeout -> 0, usesTraditionalReflectiveProxies -> false ]

2015-07-23 18:42:52
[INFO]-[Thread: DefaultQuartzScheduler_Worker-1]-[edu.xust.expert.guolu.count.AcceptData.datajieshou()]: 插入成功

2015-07-23 18:42:52
[INFO]-[Thread: DefaultQuartzScheduler_Worker-2]-[edu.xust.expert.guolu.GuoLuAuxExpert.start()]: 辅助设备参数更新成功

2015-07-23 18:42:52
[INFO]-[Thread: DefaultQuartzScheduler_Worker-2]-[edu.xust.job.GuoLuAuxJob.execute()]: 锅炉辅助设备专家 - 结束分析

2015-07-23 18:42:52
[INFO]-[Thread: DefaultQuartzScheduler_Worker-3]-[edu.xust.expert.guolu.EachMembership.ff()]: 主体设备参数更新成功

2015-07-23 18:42:52
[INFO]-[Thread: DefaultQuartzScheduler_Worker-3]-[edu.xust.job.GuoLuMainJob.execute()]: 锅炉主体设备专家- 结束分析

2015-07-23 18:42:54
[INFO]-[Thread: DefaultQuartzScheduler_Worker-4]-[edu.xust.job.GuoLuAuxJob.execute()]: 锅炉辅助设备专家 - 开始分析+++

2015-07-23 18:42:54
[INFO]-[Thread: DefaultQuartzScheduler_Worker-5]-[edu.xust.job.GuoLuMainJob.execute()]: 锅炉专家 - 

2015-07-23 18:42:54
[INFO]-[Thread: DefaultQuartzScheduler_Worker-5]-[edu.xust.job.GuoLuMainJob.execute()]: 锅炉主体设备专家 - 开始分析

2015-07-23 18:42:54
[INFO]-[Thread: DefaultQuartzScheduler_Worker-4]-[edu.xust.expert.guolu.GuoLuAuxExpert.start()]: 辅助设备参数更新成功

2015-07-23 18:42:54
[INFO]-[Thread: DefaultQuartzScheduler_Worker-4]-[edu.xust.job.GuoLuAuxJob.execute()]: 锅炉辅助设备专家 - 结束分析

2015-07-23 18:42:54
[INFO]-[Thread: DefaultQuartzScheduler_Worker-5]-[edu.xust.expert.guolu.EachMembership.ff()]: 主体设备参数更新成功

2015-07-23 18:42:54
[INFO]-[Thread: DefaultQuartzScheduler_Worker-5]-[edu.xust.job.GuoLuMainJob.execute()]: 锅炉主体设备专家- 结束分析

2015-07-23 18:42:55
[INFO]-[Thread: DefaultQuartzScheduler_Worker-6]-[edu.xust.job.GuoLuoSafetyJob.execute()]: 锅炉评价专家 - 开始分析

2015-07-23 18:42:55
[INFO]-[Thread: DefaultQuartzScheduler_Worker-6]-[edu.xust.expert.guolu.count.AcceptData.datajieshou()]: 插入成功

2015-07-23 18:42:55
[ERROR]-[Thread: DefaultQuartzScheduler_Worker-6]-[edu.xust.db.MyDB.executeSql()]: insert into GL_gjzyd_data(GJZYDDATA1,year1,month1,BH1) values(NaN,2015,6,0)

2015-07-23 18:42:55
[ERROR]-[Thread: DefaultQuartzScheduler_Worker-1]-[edu.xust.db.MyDB.executeSql()]: insert into GL_gjzyd_data(GJZYDDATA1,year1,month1,BH1) values(NaN,2015,6,0)

2015-07-23 18:42:55
[INFO]-[Thread: DefaultQuartzScheduler_Worker-6]-[edu.xust.expert.guolu.count.KeyFactor.guanianzhongyaodu()]: 插入失败

2015-07-23 18:42:55
[INFO]-[Thread: DefaultQuartzScheduler_Worker-1]-[edu.xust.expert.guolu.count.KeyFactor.guanianzhongyaodu()]: 插入失败

2015-07-23 18:42:55
[INFO]-[Thread: com.mchange.v2.async.ThreadPoolAsynchronousRunner$PoolThread-#0]-[com.mchange.v2.c3p0.SQLWarnings.logAndClearWarnings()]: Preparing the statement failed: 在此上下文中不允许使用名称 "NaN"。有效表达式包括常量、常量表达式和变量(在某些上下文中)。不允许使用列名。
java.sql.SQLWarning: Preparing the statement failed: 在此上下文中不允许使用名称 "NaN"。有效表达式包括常量、常量表达式和变量(在某些上下文中)。不允许使用列名。
	at net.sourceforge.jtds.jdbc.TdsCore.microsoftPrepare(TdsCore.java:1248)
	at net.sourceforge.jtds.jdbc.JtdsConnection.prepareSQL(JtdsConnection.java:708)
	at net.sourceforge.jtds.jdbc.JtdsPreparedStatement.execute(JtdsPreparedStatement.java:783)
	at com.mchange.v2.c3p0.impl.NewProxyPreparedStatement.execute(NewProxyPreparedStatement.java:989)
	at edu.xust.db.MyDB.executeSql(MyDB.java:96)
	at edu.xust.expert.guolu.count.KeyFactor.guanianzhongyaodu(KeyFactor.java:98)
	at edu.xust.expert.guolu.GuoLuoSafetyExpert.start(GuoLuoSafetyExpert.java:43)
	at edu.xust.job.GuoLuoSafetyJob.execute(GuoLuoSafetyJob.java:20)
	at org.quartz.core.JobRunShell.run(JobRunShell.java:202)
	at org.quartz.simpl.SimpleThreadPool$WorkerThread.run(SimpleThreadPool.java:573)
Caused by: java.sql.SQLException: 在此上下文中不允许使用名称 "NaN"。有效表达式包括常量、常量表达式和变量(在某些上下文中)。不允许使用列名。
	at net.sourceforge.jtds.jdbc.SQLDiagnostic.addDiagnostic(SQLDiagnostic.java:372)
	at net.sourceforge.jtds.jdbc.TdsCore.tdsErrorToken(TdsCore.java:2988)
	at net.sourceforge.jtds.jdbc.TdsCore.nextToken(TdsCore.java:2421)
	at net.sourceforge.jtds.jdbc.TdsCore.microsoftPrepare(TdsCore.java:1224)
	... 9 more

2015-07-23 18:42:57
[INFO]-[Thread: DefaultQuartzScheduler_Worker-8]-[edu.xust.job.GuoLuMainJob.execute()]: 锅炉专家 - 

2015-07-23 18:42:57
[INFO]-[Thread: DefaultQuartzScheduler_Worker-7]-[edu.xust.job.GuoLuAuxJob.execute()]: 锅炉辅助设备专家 - 开始分析+++

2015-07-23 18:42:55
[ERROR]-[Thread: DefaultQuartzScheduler_Worker-1]-[edu.xust.db.MyDB.executeSql()]: insert into GL_gjzyd_data(GJZYDDATA1,year1,month1,BH1) values(NaN,2015,6,1)

2015-07-23 18:42:55
[ERROR]-[Thread: DefaultQuartzScheduler_Worker-6]-[edu.xust.db.MyDB.executeSql()]: insert into GL_gjzyd_data(GJZYDDATA1,year1,month1,BH1) values(NaN,2015,6,1)

2015-07-23 18:42:55
[INFO]-[Thread: com.mchange.v2.async.ThreadPoolAsynchronousRunner$PoolThread-#1]-[com.mchange.v2.c3p0.SQLWarnings.logAndClearWarnings()]: Preparing the statement failed: 在此上下文中不允许使用名称 "NaN"。有效表达式包括常量、常量表达式和变量(在某些上下文中)。不允许使用列名。
java.sql.SQLWarning: Preparing the statement failed: 在此上下文中不允许使用名称 "NaN"。有效表达式包括常量、常量表达式和变量(在某些上下文中)。不允许使用列名。
	at net.sourceforge.jtds.jdbc.TdsCore.microsoftPrepare(TdsCore.java:1248)
	at net.sourceforge.jtds.jdbc.JtdsConnection.prepareSQL(JtdsConnection.java:708)
	at net.sourceforge.jtds.jdbc.JtdsPreparedStatement.execute(JtdsPreparedStatement.java:783)
	at com.mchange.v2.c3p0.impl.NewProxyPreparedStatement.execute(NewProxyPreparedStatement.java:989)
	at edu.xust.db.MyDB.executeSql(MyDB.java:96)
	at edu.xust.expert.guolu.count.KeyFactor.guanianzhongyaodu(KeyFactor.java:98)
	at edu.xust.expert.guolu.GuoLuoSafetyExpert.start(GuoLuoSafetyExpert.java:43)
	at edu.xust.job.GuoLuoSafetyJob.execute(GuoLuoSafetyJob.java:20)
	at org.quartz.core.JobRunShell.run(JobRunShell.java:202)
	at org.quartz.simpl.SimpleThreadPool$WorkerThread.run(SimpleThreadPool.java:573)
Caused by: java.sql.SQLException: 在此上下文中不允许使用名称 "NaN"。有效表达式包括常量、常量表达式和变量(在某些上下文中)。不允许使用列名。
	at net.sourceforge.jtds.jdbc.SQLDiagnostic.addDiagnostic(SQLDiagnostic.java:372)
	at net.sourceforge.jtds.jdbc.TdsCore.tdsErrorToken(TdsCore.java:2988)
	at net.sourceforge.jtds.jdbc.TdsCore.nextToken(TdsCore.java:2421)
	at net.sourceforge.jtds.jdbc.TdsCore.microsoftPrepare(TdsCore.java:1224)
	... 9 more

2015-07-23 18:42:57
[INFO]-[Thread: com.mchange.v2.async.ThreadPoolAsynchronousRunner$PoolThread-#2]-[com.mchange.v2.c3p0.SQLWarnings.logAndClearWarnings()]: Preparing the statement failed: 在此上下文中不允许使用名称 "NaN"。有效表达式包括常量、常量表达式和变量(在某些上下文中)。不允许使用列名。
java.sql.SQLWarning: Preparing the statement failed: 在此上下文中不允许使用名称 "NaN"。有效表达式包括常量、常量表达式和变量(在某些上下文中)。不允许使用列名。
	at net.sourceforge.jtds.jdbc.TdsCore.microsoftPrepare(TdsCore.java:1248)
	at net.sourceforge.jtds.jdbc.JtdsConnection.prepareSQL(JtdsConnection.java:708)
	at net.sourceforge.jtds.jdbc.JtdsPreparedStatement.execute(JtdsPreparedStatement.java:783)
	at com.mchange.v2.c3p0.impl.NewProxyPreparedStatement.execute(NewProxyPreparedStatement.java:989)
	at edu.xust.db.MyDB.executeSql(MyDB.java:96)
	at edu.xust.expert.guolu.count.KeyFactor.guanianzhongyaodu(KeyFactor.java:98)
	at edu.xust.expert.guolu.GuoLuoSafetyExpert.start(GuoLuoSafetyExpert.java:43)
	at edu.xust.job.GuoLuoSafetyJob.execute(GuoLuoSafetyJob.java:20)
	at org.quartz.core.JobRunShell.run(JobRunShell.java:202)
	at org.quartz.simpl.SimpleThreadPool$WorkerThread.run(SimpleThreadPool.java:573)
Caused by: java.sql.SQLException: 在此上下文中不允许使用名称 "NaN"。有效表达式包括常量、常量表达式和变量(在某些上下文中)。不允许使用列名。
	at net.sourceforge.jtds.jdbc.SQLDiagnostic.addDiagnostic(SQLDiagnostic.java:372)
	at net.sourceforge.jtds.jdbc.TdsCore.tdsErrorToken(TdsCore.java:2988)
	at net.sourceforge.jtds.jdbc.TdsCore.nextToken(TdsCore.java:2421)
	at net.sourceforge.jtds.jdbc.TdsCore.microsoftPrepare(TdsCore.java:1224)
	... 9 more
