
2015-02-06 09:18:36
[INFO]-[Thread: main]-[edu.xust.warn.Core.getScheduler()]: ------- Initializing ----------------------

2015-02-06 09:18:36
[INFO]-[Thread: main]-[org.quartz.impl.StdSchedulerFactory.instantiate()]: Using default implementation for ThreadExecutor

2015-02-06 09:18:36
[INFO]-[Thread: main]-[org.quartz.simpl.SimpleThreadPool.initialize()]: Job execution threads will use class loader of thread: main

2015-02-06 09:18:36
[INFO]-[Thread: main]-[org.quartz.core.SchedulerSignalerImpl.<init>()]: Initialized Scheduler Signaller of type: class org.quartz.core.SchedulerSignalerImpl

2015-02-06 09:18:36
[INFO]-[Thread: main]-[org.quartz.core.QuartzScheduler.<init>()]: Quartz Scheduler v.2.2.1 created.

2015-02-06 09:18:36
[INFO]-[Thread: main]-[org.quartz.simpl.RAMJobStore.initialize()]: RAMJobStore initialized.

2015-02-06 09:18:36
[INFO]-[Thread: main]-[org.quartz.core.QuartzScheduler.initialize()]: Scheduler meta-data: Quartz Scheduler (v2.2.1) 'DefaultQuartzScheduler' with instanceId 'NON_CLUSTERED'
  Scheduler class: 'org.quartz.core.QuartzScheduler' - running locally.
  NOT STARTED.
  Currently in standby mode.
  Number of jobs executed: 0
  Using thread pool 'org.quartz.simpl.SimpleThreadPool' - with 10 threads.
  Using job-store 'org.quartz.simpl.RAMJobStore' - which does not support persistence. and is not clustered.


2015-02-06 09:18:36
[INFO]-[Thread: main]-[org.quartz.impl.StdSchedulerFactory.instantiate()]: Quartz scheduler 'DefaultQuartzScheduler' initialized from default resource file in Quartz package: 'quartz.properties'

2015-02-06 09:18:36
[INFO]-[Thread: main]-[org.quartz.impl.StdSchedulerFactory.instantiate()]: Quartz scheduler version: 2.2.1

2015-02-06 09:18:36
[INFO]-[Thread: main]-[edu.xust.warn.Core.getScheduler()]: ------- Initialization Complete -----------

2015-02-06 09:18:43
[INFO]-[Thread: AWT-EventQueue-0]-[edu.xust.warn.Core.run()]: ------- Scheduling Job  -------------------

2015-02-06 09:18:43
[INFO]-[Thread: AWT-EventQueue-0]-[edu.xust.warn.Core.run()]: group1.FanJob has been scheduled to run at: Fri Feb 06 09:19:00 CST 2015 and repeat based on expression: 0/60 * * * * ?

2015-02-06 09:18:43
[INFO]-[Thread: AWT-EventQueue-0]-[edu.xust.warn.Core.run()]: ------- Starting Job Complete ----------------

2015-02-06 09:18:43
[INFO]-[Thread: AWT-EventQueue-0]-[edu.xust.warn.Core.run()]: ------- Starting Scheduler ----------------

2015-02-06 09:18:43
[INFO]-[Thread: AWT-EventQueue-0]-[org.quartz.core.QuartzScheduler.start()]: Scheduler DefaultQuartzScheduler_$_NON_CLUSTERED started.

2015-02-06 09:18:43
[INFO]-[Thread: AWT-EventQueue-0]-[edu.xust.warn.Core.run()]: ------- Started Scheduler -----------------

2015-02-06 09:18:43
[INFO]-[Thread: AWT-EventQueue-0]-[edu.xust.warn.Core.run()]: group1.ShuGuanJob has been scheduled to run at: Fri Feb 06 09:19:00 CST 2015 and repeat based on expression: 0/60 * * * * ?

2015-02-06 09:18:43
[INFO]-[Thread: AWT-EventQueue-0]-[edu.xust.warn.Core.run()]: group1.PersonJob has been scheduled to run at: Fri Feb 06 09:18:45 CST 2015 and repeat based on expression: 0/5 * * * * ?

2015-02-06 09:18:43
[INFO]-[Thread: AWT-EventQueue-0]-[edu.xust.warn.Core.run()]: group1.GasJob has been scheduled to run at: Fri Feb 06 09:18:45 CST 2015 and repeat based on expression: 0/5 * * * * ?

2015-02-06 09:18:43
[INFO]-[Thread: AWT-EventQueue-0]-[edu.xust.warn.Core.run()]: group1.GuoLuMainJob has been scheduled to run at: Fri Feb 06 09:18:50 CST 2015 and repeat based on expression: 0/10 * * * * ?

2015-02-06 09:18:44
[INFO]-[Thread: AWT-EventQueue-0]-[edu.xust.warn.Core.run()]: group1.GuoLuoSafetyJob has been scheduled to run at: Fri Feb 06 09:18:45 CST 2015 and repeat based on expression: 0/5 * * * * ?

2015-02-06 09:18:45
[INFO]-[Thread: DefaultQuartzScheduler_Worker-2]-[edu.xust.job.GasJob.execute()]: 气体专家 

2015-02-06 09:18:45
[INFO]-[Thread: DefaultQuartzScheduler_Worker-1]-[edu.xust.job.PersonJob.execute()]: 人员定位专家  

2015-02-06 09:18:45
[INFO]-[Thread: DefaultQuartzScheduler_Worker-3]-[edu.xust.job.GuoLuoSafetyJob.execute()]: 锅炉评价专家 - 开始分析

2015-02-06 09:18:45
[INFO]-[Thread: DefaultQuartzScheduler_Worker-2]-[edu.xust.job.GasJob.execute()]: 气体专家 - 开始分析

2015-02-06 09:18:45
[INFO]-[Thread: DefaultQuartzScheduler_Worker-1]-[edu.xust.job.PersonJob.execute()]: 人员定位专家 - 开始分析

2015-02-06 09:18:45
[INFO]-[Thread: DefaultQuartzScheduler_Worker-2]-[com.mchange.v2.log.MLog.<clinit>()]: MLog clients using log4j logging.

2015-02-06 09:18:46
[INFO]-[Thread: DefaultQuartzScheduler_Worker-2]-[com.mchange.v2.c3p0.C3P0Registry.banner()]: Initializing c3p0-0.9.1.1 [built 15-March-2007 01:32:31; debug? true; trace: 10]

2015-02-06 09:18:46
[INFO]-[Thread: DefaultQuartzScheduler_Worker-2]-[com.mchange.v2.c3p0.impl.AbstractPoolBackedDataSource.getPoolManager()]: Initializing c3p0 pool... com.mchange.v2.c3p0.ComboPooledDataSource [ acquireIncrement -> 5, acquireRetryAttempts -> 30, acquireRetryDelay -> 1000, autoCommitOnClose -> false, automaticTestTable -> null, breakAfterAcquireFailure -> false, checkoutTimeout -> 0, connectionCustomizerClassName -> null, connectionTesterClassName -> com.mchange.v2.c3p0.impl.DefaultConnectionTester, dataSourceName -> mydatasource, debugUnreturnedConnectionStackTraces -> false, description -> null, driverClass -> net.sourceforge.jtds.jdbc.Driver, factoryClassLocation -> null, forceIgnoreUnresolvedTransactions -> false, identityToken -> 1hge1w897pnmu2h2pdz5g|1d159e4, idleConnectionTestPeriod -> 0, initialPoolSize -> 5, jdbcUrl -> jdbc:jtds:sqlserver://localhost/nanliangdb, lastAcquisitionFailureDefaultUser -> null, maxAdministrativeTaskTime -> 0, maxConnectionAge -> 0, maxIdleTime -> 240, maxIdleTimeExcessConnections -> 0, maxPoolSize -> 20, maxStatements -> 0, maxStatementsPerConnection -> 0, minPoolSize -> 5, numHelperThreads -> 3, numThreadsAwaitingCheckoutDefaultUser -> 0, preferredTestQuery -> null, properties -> {user=******, password=******}, propertyCycle -> 0, testConnectionOnCheckin -> false, testConnectionOnCheckout -> false, unreturnedConnectionTimeout -> 0, usesTraditionalReflectiveProxies -> false ]

2015-02-06 09:18:47
[INFO]-[Thread: DefaultQuartzScheduler_Worker-2]-[edu.xust.expert.gas.GasExpert.start()]: 数据还未更新！

2015-02-06 09:18:47
[INFO]-[Thread: DefaultQuartzScheduler_Worker-3]-[edu.xust.expert.guolu.count.AcceptData.datajieshou()]: 插入成功

2015-02-06 09:18:47
[INFO]-[Thread: DefaultQuartzScheduler_Worker-1]-[edu.xust.expert.person.PersonExpert.start()]: 数据还未更新！

2015-02-06 09:18:47
[INFO]-[Thread: DefaultQuartzScheduler_Worker-1]-[edu.xust.expert.person.PersonExpert.start()]: 人员专家团队正在建立--------------------------------

2015-02-06 09:18:47
[INFO]-[Thread: DefaultQuartzScheduler_Worker-1]-[edu.xust.job.PersonJob.execute()]: 人员定位 - 结束分析

2015-02-06 09:18:47
[INFO]-[Thread: DefaultQuartzScheduler_Worker-3]-[edu.xust.expert.guolu.count.AcceptData.datajieshou()]: 插入成功

2015-02-06 09:18:47
[INFO]-[Thread: DefaultQuartzScheduler_Worker-2]-[edu.xust.expert.gas.GasExpert.start()]: 数据还未更新！

2015-02-06 09:18:47
[INFO]-[Thread: DefaultQuartzScheduler_Worker-2]-[edu.xust.job.GasJob.execute()]: 气体专家 - 结束分析

2015-02-06 09:18:47
[INFO]-[Thread: DefaultQuartzScheduler_Worker-3]-[edu.xust.expert.guolu.count.Reliability.ff()]: 插入成功

2015-02-06 09:18:47
[INFO]-[Thread: DefaultQuartzScheduler_Worker-3]-[edu.xust.job.GuoLuoSafetyJob.execute()]: 锅炉评价专家- 结束分析

2015-02-06 09:18:50
[INFO]-[Thread: DefaultQuartzScheduler_Worker-4]-[edu.xust.job.GasJob.execute()]: 气体专家 

2015-02-06 09:18:50
[INFO]-[Thread: DefaultQuartzScheduler_Worker-4]-[edu.xust.job.GasJob.execute()]: 气体专家 - 开始分析

2015-02-06 09:18:50
[INFO]-[Thread: DefaultQuartzScheduler_Worker-6]-[edu.xust.job.GuoLuoSafetyJob.execute()]: 锅炉评价专家 - 开始分析

2015-02-06 09:18:50
[INFO]-[Thread: DefaultQuartzScheduler_Worker-7]-[edu.xust.job.PersonJob.execute()]: 人员定位专家  

2015-02-06 09:18:50
[INFO]-[Thread: DefaultQuartzScheduler_Worker-7]-[edu.xust.job.PersonJob.execute()]: 人员定位专家 - 开始分析

2015-02-06 09:18:50
[INFO]-[Thread: DefaultQuartzScheduler_Worker-5]-[edu.xust.job.GuoLuMainJob.execute()]: 锅炉专家 - 

2015-02-06 09:18:50
[INFO]-[Thread: DefaultQuartzScheduler_Worker-7]-[edu.xust.expert.person.PersonExpert.start()]: 数据还未更新！

2015-02-06 09:18:50
[INFO]-[Thread: DefaultQuartzScheduler_Worker-7]-[edu.xust.expert.person.PersonExpert.start()]: 人员专家团队正在建立--------------------------------

2015-02-06 09:18:50
[INFO]-[Thread: DefaultQuartzScheduler_Worker-4]-[edu.xust.expert.gas.GasExpert.start()]: 数据还未更新！

2015-02-06 09:18:50
[INFO]-[Thread: DefaultQuartzScheduler_Worker-7]-[edu.xust.job.PersonJob.execute()]: 人员定位 - 结束分析

2015-02-06 09:18:50
[INFO]-[Thread: DefaultQuartzScheduler_Worker-4]-[edu.xust.expert.gas.GasExpert.start()]: 数据还未更新！

2015-02-06 09:18:50
[INFO]-[Thread: DefaultQuartzScheduler_Worker-4]-[edu.xust.job.GasJob.execute()]: 气体专家 - 结束分析

2015-02-06 09:18:50
[INFO]-[Thread: DefaultQuartzScheduler_Worker-5]-[edu.xust.job.GuoLuMainJob.execute()]: 锅炉专家 - 开始分析

2015-02-06 09:18:50
[INFO]-[Thread: DefaultQuartzScheduler_Worker-6]-[edu.xust.expert.guolu.count.AcceptData.datajieshou()]: 插入成功

2015-02-06 09:18:50
[INFO]-[Thread: DefaultQuartzScheduler_Worker-6]-[edu.xust.expert.guolu.count.AcceptData.datajieshou()]: 插入成功

2015-02-06 09:18:50
[INFO]-[Thread: DefaultQuartzScheduler_Worker-6]-[edu.xust.expert.guolu.count.Reliability.ff()]: 插入成功

2015-02-06 09:18:50
[INFO]-[Thread: DefaultQuartzScheduler_Worker-6]-[edu.xust.job.GuoLuoSafetyJob.execute()]: 锅炉评价专家- 结束分析

2015-02-06 09:18:50
[INFO]-[Thread: DefaultQuartzScheduler_Worker-5]-[edu.xust.expert.guolu.EachMembership.ff()]: 主体设备数据没有更新

2015-02-06 09:18:50
[INFO]-[Thread: DefaultQuartzScheduler_Worker-5]-[edu.xust.expert.guolu.EachMembership.ff()]: 辅助设备数据没有更新

2015-02-06 09:18:50
[INFO]-[Thread: DefaultQuartzScheduler_Worker-5]-[edu.xust.job.GuoLuMainJob.execute()]: 锅炉专家- 结束分析

2015-02-06 09:18:55
[INFO]-[Thread: DefaultQuartzScheduler_Worker-8]-[edu.xust.job.GasJob.execute()]: 气体专家 

2015-02-06 09:18:55
[INFO]-[Thread: DefaultQuartzScheduler_Worker-8]-[edu.xust.job.GasJob.execute()]: 气体专家 - 开始分析

2015-02-06 09:18:55
[INFO]-[Thread: DefaultQuartzScheduler_Worker-10]-[edu.xust.job.PersonJob.execute()]: 人员定位专家  

2015-02-06 09:18:55
[INFO]-[Thread: DefaultQuartzScheduler_Worker-9]-[edu.xust.job.GuoLuoSafetyJob.execute()]: 锅炉评价专家 - 开始分析

2015-02-06 09:18:55
[INFO]-[Thread: DefaultQuartzScheduler_Worker-10]-[edu.xust.job.PersonJob.execute()]: 人员定位专家 - 开始分析

2015-02-06 09:18:55
[INFO]-[Thread: DefaultQuartzScheduler_Worker-8]-[edu.xust.expert.gas.GasExpert.start()]: 数据还未更新！

2015-02-06 09:18:55
[INFO]-[Thread: DefaultQuartzScheduler_Worker-8]-[edu.xust.expert.gas.GasExpert.start()]: 数据还未更新！

2015-02-06 09:18:55
[INFO]-[Thread: DefaultQuartzScheduler_Worker-8]-[edu.xust.job.GasJob.execute()]: 气体专家 - 结束分析

2015-02-06 09:18:55
[INFO]-[Thread: DefaultQuartzScheduler_Worker-10]-[edu.xust.expert.person.PersonExpert.start()]: 数据还未更新！

2015-02-06 09:18:55
[INFO]-[Thread: DefaultQuartzScheduler_Worker-9]-[edu.xust.expert.guolu.count.AcceptData.datajieshou()]: 插入成功

2015-02-06 09:18:55
[INFO]-[Thread: DefaultQuartzScheduler_Worker-10]-[edu.xust.expert.person.PersonExpert.start()]: 人员专家团队正在建立--------------------------------

2015-02-06 09:18:55
[INFO]-[Thread: DefaultQuartzScheduler_Worker-10]-[edu.xust.job.PersonJob.execute()]: 人员定位 - 结束分析

2015-02-06 09:18:55
[INFO]-[Thread: DefaultQuartzScheduler_Worker-9]-[edu.xust.expert.guolu.count.AcceptData.datajieshou()]: 插入成功

2015-02-06 09:18:55
[INFO]-[Thread: DefaultQuartzScheduler_Worker-9]-[edu.xust.expert.guolu.count.Reliability.ff()]: 插入成功

2015-02-06 09:18:55
[INFO]-[Thread: DefaultQuartzScheduler_Worker-9]-[edu.xust.job.GuoLuoSafetyJob.execute()]: 锅炉评价专家- 结束分析

2015-02-06 09:19:00
[INFO]-[Thread: DefaultQuartzScheduler_Worker-1]-[edu.xust.job.FanJob.execute()]: 风机专家  

2015-02-06 09:19:00
[INFO]-[Thread: DefaultQuartzScheduler_Worker-2]-[edu.xust.job.GasJob.execute()]: 气体专家 

2015-02-06 09:19:00
[INFO]-[Thread: DefaultQuartzScheduler_Worker-2]-[edu.xust.job.GasJob.execute()]: 气体专家 - 开始分析

2015-02-06 09:19:00
[INFO]-[Thread: DefaultQuartzScheduler_Worker-3]-[edu.xust.job.GuoLuMainJob.execute()]: 锅炉专家 - 

2015-02-06 09:19:00
[INFO]-[Thread: DefaultQuartzScheduler_Worker-3]-[edu.xust.job.GuoLuMainJob.execute()]: 锅炉专家 - 开始分析

2015-02-06 09:19:00
[INFO]-[Thread: DefaultQuartzScheduler_Worker-7]-[edu.xust.job.GuoLuoSafetyJob.execute()]: 锅炉评价专家 - 开始分析

2015-02-06 09:19:00
[INFO]-[Thread: DefaultQuartzScheduler_Worker-4]-[edu.xust.job.PersonJob.execute()]: 人员定位专家  

2015-02-06 09:19:00
[INFO]-[Thread: DefaultQuartzScheduler_Worker-4]-[edu.xust.job.PersonJob.execute()]: 人员定位专家 - 开始分析

2015-02-06 09:19:00
[INFO]-[Thread: DefaultQuartzScheduler_Worker-6]-[edu.xust.job.ShuGuanJob.execute()]: 束管专家 - 

2015-02-06 09:19:00
[INFO]-[Thread: DefaultQuartzScheduler_Worker-2]-[edu.xust.expert.gas.GasExpert.start()]: 数据还未更新！

2015-02-06 09:19:00
[INFO]-[Thread: DefaultQuartzScheduler_Worker-4]-[edu.xust.expert.person.PersonExpert.start()]: 数据还未更新！

2015-02-06 09:19:00
[INFO]-[Thread: DefaultQuartzScheduler_Worker-4]-[edu.xust.expert.person.PersonExpert.start()]: 人员专家团队正在建立--------------------------------

2015-02-06 09:19:00
[INFO]-[Thread: DefaultQuartzScheduler_Worker-4]-[edu.xust.job.PersonJob.execute()]: 人员定位 - 结束分析

2015-02-06 09:19:00
[INFO]-[Thread: DefaultQuartzScheduler_Worker-3]-[edu.xust.expert.guolu.EachMembership.ff()]: 主体设备数据没有更新

2015-02-06 09:19:00
[INFO]-[Thread: DefaultQuartzScheduler_Worker-2]-[edu.xust.expert.gas.GasExpert.start()]: 数据还未更新！

2015-02-06 09:19:00
[INFO]-[Thread: DefaultQuartzScheduler_Worker-2]-[edu.xust.job.GasJob.execute()]: 气体专家 - 结束分析

2015-02-06 09:19:00
[INFO]-[Thread: DefaultQuartzScheduler_Worker-3]-[edu.xust.expert.guolu.EachMembership.ff()]: 辅助设备数据没有更新

2015-02-06 09:19:00
[INFO]-[Thread: DefaultQuartzScheduler_Worker-3]-[edu.xust.job.GuoLuMainJob.execute()]: 锅炉专家- 结束分析

2015-02-06 09:19:00
[INFO]-[Thread: DefaultQuartzScheduler_Worker-7]-[edu.xust.expert.guolu.count.AcceptData.datajieshou()]: 插入成功

2015-02-06 09:19:00
[INFO]-[Thread: DefaultQuartzScheduler_Worker-7]-[edu.xust.expert.guolu.count.AcceptData.datajieshou()]: 插入成功

2015-02-06 09:19:00
[INFO]-[Thread: DefaultQuartzScheduler_Worker-6]-[edu.xust.job.ShuGuanJob.execute()]: 束管专家 - 开始分析

2015-02-06 09:19:00
[INFO]-[Thread: DefaultQuartzScheduler_Worker-6]-[edu.xust.expert.shuguan.ShuGuanExpert.start()]: ------数据没有更新------

2015-02-06 09:19:00
[INFO]-[Thread: DefaultQuartzScheduler_Worker-6]-[edu.xust.job.ShuGuanJob.execute()]: 束管专家 -分析结束

2015-02-06 09:19:00
[INFO]-[Thread: DefaultQuartzScheduler_Worker-7]-[edu.xust.expert.guolu.count.Reliability.ff()]: 插入成功

2015-02-06 09:19:00
[INFO]-[Thread: DefaultQuartzScheduler_Worker-1]-[edu.xust.job.FanJob.execute()]: 风机专家 - 开始分析

2015-02-06 09:19:01
[INFO]-[Thread: DefaultQuartzScheduler_Worker-7]-[edu.xust.job.GuoLuoSafetyJob.execute()]: 锅炉评价专家- 结束分析

2015-02-06 09:19:01
[INFO]-[Thread: DefaultQuartzScheduler_Worker-1]-[edu.xust.expert.fan.FanExpert.start()]: -------没有数据更新--------------------

2015-02-06 09:19:01
[INFO]-[Thread: DefaultQuartzScheduler_Worker-1]-[edu.xust.job.FanJob.execute()]: 风机专家 - 结束分析

2015-02-06 09:19:05
[INFO]-[Thread: DefaultQuartzScheduler_Worker-5]-[edu.xust.job.GasJob.execute()]: 气体专家 

2015-02-06 09:19:05
[INFO]-[Thread: DefaultQuartzScheduler_Worker-5]-[edu.xust.job.GasJob.execute()]: 气体专家 - 开始分析

2015-02-06 09:19:05
[INFO]-[Thread: DefaultQuartzScheduler_Worker-8]-[edu.xust.job.GuoLuoSafetyJob.execute()]: 锅炉评价专家 - 开始分析

2015-02-06 09:19:05
[INFO]-[Thread: DefaultQuartzScheduler_Worker-10]-[edu.xust.job.PersonJob.execute()]: 人员定位专家  

2015-02-06 09:19:05
[INFO]-[Thread: DefaultQuartzScheduler_Worker-10]-[edu.xust.job.PersonJob.execute()]: 人员定位专家 - 开始分析

2015-02-06 09:19:05
[INFO]-[Thread: DefaultQuartzScheduler_Worker-5]-[edu.xust.expert.gas.GasExpert.start()]: 数据还未更新！

2015-02-06 09:19:05
[INFO]-[Thread: DefaultQuartzScheduler_Worker-8]-[edu.xust.expert.guolu.count.AcceptData.datajieshou()]: 插入成功

2015-02-06 09:19:05
[INFO]-[Thread: DefaultQuartzScheduler_Worker-10]-[edu.xust.expert.person.PersonExpert.start()]: 数据还未更新！

2015-02-06 09:19:05
[INFO]-[Thread: DefaultQuartzScheduler_Worker-10]-[edu.xust.expert.person.PersonExpert.start()]: 人员专家团队正在建立--------------------------------

2015-02-06 09:19:05
[INFO]-[Thread: DefaultQuartzScheduler_Worker-10]-[edu.xust.job.PersonJob.execute()]: 人员定位 - 结束分析

2015-02-06 09:19:05
[INFO]-[Thread: DefaultQuartzScheduler_Worker-5]-[edu.xust.expert.gas.GasExpert.start()]: 数据还未更新！

2015-02-06 09:19:05
[INFO]-[Thread: DefaultQuartzScheduler_Worker-5]-[edu.xust.job.GasJob.execute()]: 气体专家 - 结束分析

2015-02-06 09:19:05
[INFO]-[Thread: DefaultQuartzScheduler_Worker-8]-[edu.xust.expert.guolu.count.AcceptData.datajieshou()]: 插入成功

2015-02-06 09:19:05
[INFO]-[Thread: DefaultQuartzScheduler_Worker-8]-[edu.xust.expert.guolu.count.Reliability.ff()]: 插入成功

2015-02-06 09:19:05
[INFO]-[Thread: DefaultQuartzScheduler_Worker-8]-[edu.xust.job.GuoLuoSafetyJob.execute()]: 锅炉评价专家- 结束分析

2015-02-06 10:21:57
[INFO]-[Thread: main]-[edu.xust.warn.Core.getScheduler()]: ------- Initializing ----------------------

2015-02-06 10:21:57
[INFO]-[Thread: main]-[org.quartz.impl.StdSchedulerFactory.instantiate()]: Using default implementation for ThreadExecutor

2015-02-06 10:21:57
[INFO]-[Thread: main]-[org.quartz.simpl.SimpleThreadPool.initialize()]: Job execution threads will use class loader of thread: main

2015-02-06 10:21:57
[INFO]-[Thread: main]-[org.quartz.core.SchedulerSignalerImpl.<init>()]: Initialized Scheduler Signaller of type: class org.quartz.core.SchedulerSignalerImpl

2015-02-06 10:21:57
[INFO]-[Thread: main]-[org.quartz.core.QuartzScheduler.<init>()]: Quartz Scheduler v.2.2.1 created.

2015-02-06 10:21:57
[INFO]-[Thread: main]-[org.quartz.simpl.RAMJobStore.initialize()]: RAMJobStore initialized.

2015-02-06 10:21:57
[INFO]-[Thread: main]-[org.quartz.core.QuartzScheduler.initialize()]: Scheduler meta-data: Quartz Scheduler (v2.2.1) 'DefaultQuartzScheduler' with instanceId 'NON_CLUSTERED'
  Scheduler class: 'org.quartz.core.QuartzScheduler' - running locally.
  NOT STARTED.
  Currently in standby mode.
  Number of jobs executed: 0
  Using thread pool 'org.quartz.simpl.SimpleThreadPool' - with 10 threads.
  Using job-store 'org.quartz.simpl.RAMJobStore' - which does not support persistence. and is not clustered.


2015-02-06 10:21:57
[INFO]-[Thread: main]-[org.quartz.impl.StdSchedulerFactory.instantiate()]: Quartz scheduler 'DefaultQuartzScheduler' initialized from default resource file in Quartz package: 'quartz.properties'

2015-02-06 10:21:57
[INFO]-[Thread: main]-[org.quartz.impl.StdSchedulerFactory.instantiate()]: Quartz scheduler version: 2.2.1

2015-02-06 10:21:57
[INFO]-[Thread: main]-[edu.xust.warn.Core.getScheduler()]: ------- Initialization Complete -----------

2015-02-06 10:21:59
[INFO]-[Thread: AWT-EventQueue-0]-[edu.xust.warn.Core.run()]: ------- Scheduling Job  -------------------

2015-02-06 10:21:59
[INFO]-[Thread: AWT-EventQueue-0]-[edu.xust.warn.Core.run()]: group1.FanJob has been scheduled to run at: Fri Feb 06 10:22:00 CST 2015 and repeat based on expression: 0/60 * * * * ?

2015-02-06 10:21:59
[INFO]-[Thread: AWT-EventQueue-0]-[edu.xust.warn.Core.run()]: ------- Starting Job Complete ----------------

2015-02-06 10:21:59
[INFO]-[Thread: AWT-EventQueue-0]-[edu.xust.warn.Core.run()]: ------- Starting Scheduler ----------------

2015-02-06 10:21:59
[INFO]-[Thread: AWT-EventQueue-0]-[org.quartz.core.QuartzScheduler.start()]: Scheduler DefaultQuartzScheduler_$_NON_CLUSTERED started.

2015-02-06 10:21:59
[INFO]-[Thread: AWT-EventQueue-0]-[edu.xust.warn.Core.run()]: ------- Started Scheduler -----------------

2015-02-06 10:21:59
[INFO]-[Thread: AWT-EventQueue-0]-[edu.xust.warn.Core.run()]: group1.ShuGuanJob has been scheduled to run at: Fri Feb 06 10:22:00 CST 2015 and repeat based on expression: 0/60 * * * * ?

2015-02-06 10:21:59
[INFO]-[Thread: AWT-EventQueue-0]-[edu.xust.warn.Core.run()]: group1.PersonJob has been scheduled to run at: Fri Feb 06 10:22:00 CST 2015 and repeat based on expression: 0/5 * * * * ?

2015-02-06 10:21:59
[INFO]-[Thread: AWT-EventQueue-0]-[edu.xust.warn.Core.run()]: group1.GasJob has been scheduled to run at: Fri Feb 06 10:22:00 CST 2015 and repeat based on expression: 0/5 * * * * ?

2015-02-06 10:21:59
[INFO]-[Thread: AWT-EventQueue-0]-[edu.xust.warn.Core.run()]: group1.GuoLuMainJob has been scheduled to run at: Fri Feb 06 10:22:00 CST 2015 and repeat based on expression: 0/10 * * * * ?

2015-02-06 10:22:00
[INFO]-[Thread: DefaultQuartzScheduler_Worker-5]-[edu.xust.job.ShuGuanJob.execute()]: 束管专家 - 

2015-02-06 10:22:00
[INFO]-[Thread: DefaultQuartzScheduler_Worker-5]-[edu.xust.job.ShuGuanJob.execute()]: 束管专家 - 开始分析

2015-02-06 10:22:00
[INFO]-[Thread: DefaultQuartzScheduler_Worker-6]-[edu.xust.job.GuoLuoSafetyJob.execute()]: 锅炉评价专家 - 开始分析

2015-02-06 10:22:00
[INFO]-[Thread: DefaultQuartzScheduler_Worker-3]-[edu.xust.job.GuoLuMainJob.execute()]: 锅炉专家 - 

2015-02-06 10:22:00
[INFO]-[Thread: DefaultQuartzScheduler_Worker-4]-[edu.xust.job.PersonJob.execute()]: 人员定位专家  

2015-02-06 10:22:00
[INFO]-[Thread: DefaultQuartzScheduler_Worker-4]-[edu.xust.job.PersonJob.execute()]: 人员定位专家 - 开始分析

2015-02-06 10:22:00
[INFO]-[Thread: DefaultQuartzScheduler_Worker-2]-[edu.xust.job.GasJob.execute()]: 气体专家 

2015-02-06 10:22:00
[INFO]-[Thread: DefaultQuartzScheduler_Worker-2]-[edu.xust.job.GasJob.execute()]: 气体专家 - 开始分析

2015-02-06 10:22:00
[INFO]-[Thread: DefaultQuartzScheduler_Worker-1]-[edu.xust.job.FanJob.execute()]: 风机专家  

2015-02-06 10:22:00
[INFO]-[Thread: AWT-EventQueue-0]-[edu.xust.warn.Core.run()]: group1.GuoLuoSafetyJob has been scheduled to run at: Fri Feb 06 10:22:00 CST 2015 and repeat based on expression: 0/5 * * * * ?

2015-02-06 10:22:00
[INFO]-[Thread: DefaultQuartzScheduler_Worker-1]-[edu.xust.job.FanJob.execute()]: 风机专家 - 开始分析

2015-02-06 10:22:00
[INFO]-[Thread: DefaultQuartzScheduler_Worker-5]-[com.mchange.v2.log.MLog.<clinit>()]: MLog clients using log4j logging.

2015-02-06 10:22:00
[INFO]-[Thread: DefaultQuartzScheduler_Worker-3]-[edu.xust.job.GuoLuMainJob.execute()]: 锅炉专家 - 开始分析

2015-02-06 10:22:00
[INFO]-[Thread: DefaultQuartzScheduler_Worker-5]-[com.mchange.v2.c3p0.C3P0Registry.banner()]: Initializing c3p0-0.9.1.1 [built 15-March-2007 01:32:31; debug? true; trace: 10]

2015-02-06 10:22:00
[INFO]-[Thread: DefaultQuartzScheduler_Worker-5]-[com.mchange.v2.c3p0.impl.AbstractPoolBackedDataSource.getPoolManager()]: Initializing c3p0 pool... com.mchange.v2.c3p0.ComboPooledDataSource [ acquireIncrement -> 5, acquireRetryAttempts -> 30, acquireRetryDelay -> 1000, autoCommitOnClose -> false, automaticTestTable -> null, breakAfterAcquireFailure -> false, checkoutTimeout -> 0, connectionCustomizerClassName -> null, connectionTesterClassName -> com.mchange.v2.c3p0.impl.DefaultConnectionTester, dataSourceName -> mydatasource, debugUnreturnedConnectionStackTraces -> false, description -> null, driverClass -> net.sourceforge.jtds.jdbc.Driver, factoryClassLocation -> null, forceIgnoreUnresolvedTransactions -> false, identityToken -> 1hge1w897ppw63c17w1ppk|133092e, idleConnectionTestPeriod -> 0, initialPoolSize -> 5, jdbcUrl -> jdbc:jtds:sqlserver://localhost/nanliangdb, lastAcquisitionFailureDefaultUser -> null, maxAdministrativeTaskTime -> 0, maxConnectionAge -> 0, maxIdleTime -> 240, maxIdleTimeExcessConnections -> 0, maxPoolSize -> 20, maxStatements -> 0, maxStatementsPerConnection -> 0, minPoolSize -> 5, numHelperThreads -> 3, numThreadsAwaitingCheckoutDefaultUser -> 0, preferredTestQuery -> null, properties -> {user=******, password=******}, propertyCycle -> 0, testConnectionOnCheckin -> false, testConnectionOnCheckout -> false, unreturnedConnectionTimeout -> 0, usesTraditionalReflectiveProxies -> false ]

2015-02-06 10:22:02
[INFO]-[Thread: DefaultQuartzScheduler_Worker-5]-[edu.xust.expert.shuguan.ShuGuanExpert.start()]: ------数据没有更新------

2015-02-06 10:22:02
[INFO]-[Thread: DefaultQuartzScheduler_Worker-5]-[edu.xust.job.ShuGuanJob.execute()]: 束管专家 -分析结束

2015-02-06 10:22:02
[INFO]-[Thread: DefaultQuartzScheduler_Worker-1]-[edu.xust.expert.fan.FanExpert.start()]: -------没有数据更新--------------------

2015-02-06 10:22:02
[INFO]-[Thread: DefaultQuartzScheduler_Worker-1]-[edu.xust.job.FanJob.execute()]: 风机专家 - 结束分析

2015-02-06 10:22:02
[INFO]-[Thread: DefaultQuartzScheduler_Worker-4]-[edu.xust.expert.person.PersonExpert.start()]: 数据还未更新！

2015-02-06 10:22:02
[INFO]-[Thread: DefaultQuartzScheduler_Worker-4]-[edu.xust.expert.person.PersonExpert.start()]: 人员专家团队正在建立--------------------------------

2015-02-06 10:22:02
[INFO]-[Thread: DefaultQuartzScheduler_Worker-4]-[edu.xust.job.PersonJob.execute()]: 人员定位 - 结束分析

2015-02-06 10:22:02
[INFO]-[Thread: DefaultQuartzScheduler_Worker-2]-[edu.xust.expert.gas.GasExpert.start()]: 数据还未更新！

2015-02-06 10:22:02
[INFO]-[Thread: DefaultQuartzScheduler_Worker-3]-[edu.xust.expert.guolu.EachMembership.ff()]: 主体设备数据没有更新

2015-02-06 10:22:02
[INFO]-[Thread: DefaultQuartzScheduler_Worker-2]-[edu.xust.expert.gas.GasExpert.start()]: 数据还未更新！

2015-02-06 10:22:02
[INFO]-[Thread: DefaultQuartzScheduler_Worker-6]-[edu.xust.expert.guolu.count.AcceptData.datajieshou()]: 插入成功

2015-02-06 10:22:02
[INFO]-[Thread: DefaultQuartzScheduler_Worker-3]-[edu.xust.job.GuoLuMainJob.execute()]: 锅炉专家- 结束分析

2015-02-06 10:22:02
[INFO]-[Thread: DefaultQuartzScheduler_Worker-2]-[edu.xust.job.GasJob.execute()]: 气体专家 - 结束分析

2015-02-06 10:22:02
[INFO]-[Thread: DefaultQuartzScheduler_Worker-6]-[edu.xust.expert.guolu.count.AcceptData.datajieshou()]: 插入成功

2015-02-06 10:22:02
[INFO]-[Thread: DefaultQuartzScheduler_Worker-6]-[edu.xust.expert.guolu.count.Reliability.ff()]: 插入成功

2015-02-06 10:22:02
[INFO]-[Thread: DefaultQuartzScheduler_Worker-6]-[edu.xust.job.GuoLuoSafetyJob.execute()]: 锅炉评价专家- 结束分析

2015-02-06 10:22:05
[INFO]-[Thread: DefaultQuartzScheduler_Worker-7]-[edu.xust.job.GasJob.execute()]: 气体专家 

2015-02-06 10:22:05
[INFO]-[Thread: DefaultQuartzScheduler_Worker-7]-[edu.xust.job.GasJob.execute()]: 气体专家 - 开始分析

2015-02-06 10:22:05
[INFO]-[Thread: DefaultQuartzScheduler_Worker-8]-[edu.xust.job.GuoLuoSafetyJob.execute()]: 锅炉评价专家 - 开始分析

2015-02-06 10:22:05
[INFO]-[Thread: DefaultQuartzScheduler_Worker-9]-[edu.xust.job.PersonJob.execute()]: 人员定位专家  

2015-02-06 10:22:05
[INFO]-[Thread: DefaultQuartzScheduler_Worker-9]-[edu.xust.job.PersonJob.execute()]: 人员定位专家 - 开始分析

2015-02-06 10:22:05
[INFO]-[Thread: DefaultQuartzScheduler_Worker-7]-[edu.xust.expert.gas.GasExpert.start()]: 数据还未更新！

2015-02-06 10:22:05
[INFO]-[Thread: DefaultQuartzScheduler_Worker-9]-[edu.xust.expert.person.PersonExpert.start()]: 数据还未更新！

2015-02-06 10:22:05
[INFO]-[Thread: DefaultQuartzScheduler_Worker-9]-[edu.xust.expert.person.PersonExpert.start()]: 人员专家团队正在建立--------------------------------

2015-02-06 10:22:05
[INFO]-[Thread: DefaultQuartzScheduler_Worker-9]-[edu.xust.job.PersonJob.execute()]: 人员定位 - 结束分析

2015-02-06 10:22:05
[INFO]-[Thread: DefaultQuartzScheduler_Worker-7]-[edu.xust.expert.gas.GasExpert.start()]: 数据还未更新！

2015-02-06 10:22:05
[INFO]-[Thread: DefaultQuartzScheduler_Worker-7]-[edu.xust.job.GasJob.execute()]: 气体专家 - 结束分析

2015-02-06 10:22:05
[INFO]-[Thread: DefaultQuartzScheduler_Worker-8]-[edu.xust.expert.guolu.count.AcceptData.datajieshou()]: 插入成功

2015-02-06 10:22:05
[INFO]-[Thread: DefaultQuartzScheduler_Worker-8]-[edu.xust.expert.guolu.count.AcceptData.datajieshou()]: 插入成功

2015-02-06 10:22:05
[INFO]-[Thread: DefaultQuartzScheduler_Worker-8]-[edu.xust.expert.guolu.count.Reliability.ff()]: 插入成功

2015-02-06 10:22:05
[INFO]-[Thread: DefaultQuartzScheduler_Worker-8]-[edu.xust.job.GuoLuoSafetyJob.execute()]: 锅炉评价专家- 结束分析

2015-02-06 10:22:10
[INFO]-[Thread: DefaultQuartzScheduler_Worker-10]-[edu.xust.job.GasJob.execute()]: 气体专家 

2015-02-06 10:22:10
[INFO]-[Thread: DefaultQuartzScheduler_Worker-10]-[edu.xust.job.GasJob.execute()]: 气体专家 - 开始分析

2015-02-06 10:22:10
[INFO]-[Thread: DefaultQuartzScheduler_Worker-5]-[edu.xust.job.GuoLuMainJob.execute()]: 锅炉专家 - 

2015-02-06 10:22:10
[INFO]-[Thread: DefaultQuartzScheduler_Worker-5]-[edu.xust.job.GuoLuMainJob.execute()]: 锅炉专家 - 开始分析

2015-02-06 10:22:10
[INFO]-[Thread: DefaultQuartzScheduler_Worker-4]-[edu.xust.job.PersonJob.execute()]: 人员定位专家  

2015-02-06 10:22:10
[INFO]-[Thread: DefaultQuartzScheduler_Worker-4]-[edu.xust.job.PersonJob.execute()]: 人员定位专家 - 开始分析

2015-02-06 10:22:10
[INFO]-[Thread: DefaultQuartzScheduler_Worker-1]-[edu.xust.job.GuoLuoSafetyJob.execute()]: 锅炉评价专家 - 开始分析

2015-02-06 10:22:10
[INFO]-[Thread: DefaultQuartzScheduler_Worker-4]-[edu.xust.expert.person.PersonExpert.start()]: 数据还未更新！

2015-02-06 10:22:10
[INFO]-[Thread: DefaultQuartzScheduler_Worker-4]-[edu.xust.expert.person.PersonExpert.start()]: 人员专家团队正在建立--------------------------------

2015-02-06 10:22:10
[INFO]-[Thread: DefaultQuartzScheduler_Worker-4]-[edu.xust.job.PersonJob.execute()]: 人员定位 - 结束分析

2015-02-06 10:22:10
[INFO]-[Thread: DefaultQuartzScheduler_Worker-10]-[edu.xust.expert.gas.GasExpert.start()]: 数据还未更新！

2015-02-06 10:22:10
[INFO]-[Thread: DefaultQuartzScheduler_Worker-10]-[edu.xust.expert.gas.GasExpert.start()]: 数据还未更新！

2015-02-06 10:22:10
[INFO]-[Thread: DefaultQuartzScheduler_Worker-10]-[edu.xust.job.GasJob.execute()]: 气体专家 - 结束分析

2015-02-06 10:22:10
[INFO]-[Thread: DefaultQuartzScheduler_Worker-5]-[edu.xust.expert.guolu.EachMembership.ff()]: 主体设备数据没有更新

2015-02-06 10:22:10
[INFO]-[Thread: DefaultQuartzScheduler_Worker-5]-[edu.xust.job.GuoLuMainJob.execute()]: 锅炉专家- 结束分析

2015-02-06 10:22:10
[INFO]-[Thread: DefaultQuartzScheduler_Worker-1]-[edu.xust.expert.guolu.count.AcceptData.datajieshou()]: 插入成功

2015-02-06 10:22:10
[INFO]-[Thread: DefaultQuartzScheduler_Worker-1]-[edu.xust.expert.guolu.count.AcceptData.datajieshou()]: 插入成功

2015-02-06 10:22:10
[INFO]-[Thread: DefaultQuartzScheduler_Worker-1]-[edu.xust.expert.guolu.count.Reliability.ff()]: 插入成功

2015-02-06 10:22:10
[INFO]-[Thread: DefaultQuartzScheduler_Worker-1]-[edu.xust.job.GuoLuoSafetyJob.execute()]: 锅炉评价专家- 结束分析

2015-02-06 10:22:15
[INFO]-[Thread: DefaultQuartzScheduler_Worker-3]-[edu.xust.job.GasJob.execute()]: 气体专家 

2015-02-06 10:22:15
[INFO]-[Thread: DefaultQuartzScheduler_Worker-3]-[edu.xust.job.GasJob.execute()]: 气体专家 - 开始分析

2015-02-06 10:22:15
[INFO]-[Thread: DefaultQuartzScheduler_Worker-2]-[edu.xust.job.GuoLuoSafetyJob.execute()]: 锅炉评价专家 - 开始分析

2015-02-06 10:22:15
[INFO]-[Thread: DefaultQuartzScheduler_Worker-6]-[edu.xust.job.PersonJob.execute()]: 人员定位专家  

2015-02-06 10:22:15
[INFO]-[Thread: DefaultQuartzScheduler_Worker-6]-[edu.xust.job.PersonJob.execute()]: 人员定位专家 - 开始分析

2015-02-06 10:22:15
[INFO]-[Thread: DefaultQuartzScheduler_Worker-3]-[edu.xust.expert.gas.GasExpert.start()]: 数据还未更新！

2015-02-06 10:22:15
[INFO]-[Thread: DefaultQuartzScheduler_Worker-6]-[edu.xust.expert.person.PersonExpert.start()]: 数据还未更新！

2015-02-06 10:22:15
[INFO]-[Thread: DefaultQuartzScheduler_Worker-6]-[edu.xust.expert.person.PersonExpert.start()]: 人员专家团队正在建立--------------------------------

2015-02-06 10:22:15
[INFO]-[Thread: DefaultQuartzScheduler_Worker-6]-[edu.xust.job.PersonJob.execute()]: 人员定位 - 结束分析

2015-02-06 10:22:15
[INFO]-[Thread: DefaultQuartzScheduler_Worker-2]-[edu.xust.expert.guolu.count.AcceptData.datajieshou()]: 插入成功

2015-02-06 10:22:15
[INFO]-[Thread: DefaultQuartzScheduler_Worker-3]-[edu.xust.expert.gas.GasExpert.start()]: 数据还未更新！

2015-02-06 10:22:15
[INFO]-[Thread: DefaultQuartzScheduler_Worker-3]-[edu.xust.job.GasJob.execute()]: 气体专家 - 结束分析

2015-02-06 10:22:15
[INFO]-[Thread: DefaultQuartzScheduler_Worker-2]-[edu.xust.expert.guolu.count.AcceptData.datajieshou()]: 插入成功

2015-02-06 10:22:15
[INFO]-[Thread: DefaultQuartzScheduler_Worker-2]-[edu.xust.expert.guolu.count.Reliability.ff()]: 插入成功

2015-02-06 10:22:15
[INFO]-[Thread: DefaultQuartzScheduler_Worker-2]-[edu.xust.job.GuoLuoSafetyJob.execute()]: 锅炉评价专家- 结束分析

2015-02-06 10:22:20
[INFO]-[Thread: DefaultQuartzScheduler_Worker-9]-[edu.xust.job.GasJob.execute()]: 气体专家 

2015-02-06 10:22:20
[INFO]-[Thread: DefaultQuartzScheduler_Worker-9]-[edu.xust.job.GasJob.execute()]: 气体专家 - 开始分析

2015-02-06 10:22:20
[INFO]-[Thread: DefaultQuartzScheduler_Worker-7]-[edu.xust.job.GuoLuMainJob.execute()]: 锅炉专家 - 

2015-02-06 10:22:20
[INFO]-[Thread: DefaultQuartzScheduler_Worker-7]-[edu.xust.job.GuoLuMainJob.execute()]: 锅炉专家 - 开始分析

2015-02-06 10:22:20
[INFO]-[Thread: DefaultQuartzScheduler_Worker-9]-[edu.xust.expert.gas.GasExpert.start()]: 数据还未更新！

2015-02-06 10:22:20
[INFO]-[Thread: DefaultQuartzScheduler_Worker-4]-[edu.xust.job.PersonJob.execute()]: 人员定位专家  

2015-02-06 10:22:20
[INFO]-[Thread: DefaultQuartzScheduler_Worker-4]-[edu.xust.job.PersonJob.execute()]: 人员定位专家 - 开始分析

2015-02-06 10:22:20
[INFO]-[Thread: DefaultQuartzScheduler_Worker-9]-[edu.xust.expert.gas.GasExpert.start()]: 数据还未更新！

2015-02-06 10:22:20
[INFO]-[Thread: DefaultQuartzScheduler_Worker-9]-[edu.xust.job.GasJob.execute()]: 气体专家 - 结束分析

2015-02-06 10:22:20
[INFO]-[Thread: DefaultQuartzScheduler_Worker-8]-[edu.xust.job.GuoLuoSafetyJob.execute()]: 锅炉评价专家 - 开始分析

2015-02-06 10:22:20
[INFO]-[Thread: DefaultQuartzScheduler_Worker-7]-[edu.xust.expert.guolu.EachMembership.ff()]: 主体设备数据没有更新

2015-02-06 10:22:20
[INFO]-[Thread: DefaultQuartzScheduler_Worker-7]-[edu.xust.job.GuoLuMainJob.execute()]: 锅炉专家- 结束分析

2015-02-06 10:22:20
[INFO]-[Thread: DefaultQuartzScheduler_Worker-4]-[edu.xust.expert.person.PersonExpert.start()]: 数据还未更新！

2015-02-06 10:22:20
[INFO]-[Thread: DefaultQuartzScheduler_Worker-4]-[edu.xust.expert.person.PersonExpert.start()]: 人员专家团队正在建立--------------------------------

2015-02-06 10:22:20
[INFO]-[Thread: DefaultQuartzScheduler_Worker-4]-[edu.xust.job.PersonJob.execute()]: 人员定位 - 结束分析

2015-02-06 10:22:20
[INFO]-[Thread: DefaultQuartzScheduler_Worker-8]-[edu.xust.expert.guolu.count.AcceptData.datajieshou()]: 插入成功

2015-02-06 10:22:20
[INFO]-[Thread: DefaultQuartzScheduler_Worker-8]-[edu.xust.expert.guolu.count.AcceptData.datajieshou()]: 插入成功

2015-02-06 10:22:20
[INFO]-[Thread: DefaultQuartzScheduler_Worker-8]-[edu.xust.expert.guolu.count.Reliability.ff()]: 插入成功

2015-02-06 10:22:20
[INFO]-[Thread: DefaultQuartzScheduler_Worker-8]-[edu.xust.job.GuoLuoSafetyJob.execute()]: 锅炉评价专家- 结束分析

2015-02-06 10:22:25
[INFO]-[Thread: DefaultQuartzScheduler_Worker-10]-[edu.xust.job.GasJob.execute()]: 气体专家 

2015-02-06 10:22:25
[INFO]-[Thread: DefaultQuartzScheduler_Worker-5]-[edu.xust.job.GuoLuoSafetyJob.execute()]: 锅炉评价专家 - 开始分析

2015-02-06 10:22:25
[INFO]-[Thread: DefaultQuartzScheduler_Worker-10]-[edu.xust.job.GasJob.execute()]: 气体专家 - 开始分析

2015-02-06 10:22:25
[INFO]-[Thread: DefaultQuartzScheduler_Worker-1]-[edu.xust.job.PersonJob.execute()]: 人员定位专家  

2015-02-06 10:22:25
[INFO]-[Thread: DefaultQuartzScheduler_Worker-1]-[edu.xust.job.PersonJob.execute()]: 人员定位专家 - 开始分析

2015-02-06 10:22:25
[INFO]-[Thread: DefaultQuartzScheduler_Worker-10]-[edu.xust.expert.gas.GasExpert.start()]: 数据还未更新！

2015-02-06 10:22:25
[INFO]-[Thread: DefaultQuartzScheduler_Worker-10]-[edu.xust.expert.gas.GasExpert.start()]: 数据还未更新！

2015-02-06 10:22:25
[INFO]-[Thread: DefaultQuartzScheduler_Worker-10]-[edu.xust.job.GasJob.execute()]: 气体专家 - 结束分析

2015-02-06 10:22:25
[INFO]-[Thread: DefaultQuartzScheduler_Worker-5]-[edu.xust.expert.guolu.count.AcceptData.datajieshou()]: 插入成功

2015-02-06 10:22:25
[INFO]-[Thread: DefaultQuartzScheduler_Worker-1]-[edu.xust.expert.person.PersonExpert.start()]: 数据还未更新！

2015-02-06 10:22:25
[INFO]-[Thread: DefaultQuartzScheduler_Worker-1]-[edu.xust.expert.person.PersonExpert.start()]: 人员专家团队正在建立--------------------------------

2015-02-06 10:22:25
[INFO]-[Thread: DefaultQuartzScheduler_Worker-1]-[edu.xust.job.PersonJob.execute()]: 人员定位 - 结束分析

2015-02-06 10:22:25
[INFO]-[Thread: DefaultQuartzScheduler_Worker-5]-[edu.xust.expert.guolu.count.AcceptData.datajieshou()]: 插入成功

2015-02-06 10:22:25
[INFO]-[Thread: DefaultQuartzScheduler_Worker-5]-[edu.xust.expert.guolu.count.Reliability.ff()]: 插入成功

2015-02-06 10:22:25
[INFO]-[Thread: DefaultQuartzScheduler_Worker-5]-[edu.xust.job.GuoLuoSafetyJob.execute()]: 锅炉评价专家- 结束分析

2015-02-06 10:22:30
[INFO]-[Thread: DefaultQuartzScheduler_Worker-6]-[edu.xust.job.GasJob.execute()]: 气体专家 

2015-02-06 10:22:30
[INFO]-[Thread: DefaultQuartzScheduler_Worker-6]-[edu.xust.job.GasJob.execute()]: 气体专家 - 开始分析

2015-02-06 10:22:30
[INFO]-[Thread: DefaultQuartzScheduler_Worker-3]-[edu.xust.job.GuoLuMainJob.execute()]: 锅炉专家 - 

2015-02-06 10:22:30
[INFO]-[Thread: DefaultQuartzScheduler_Worker-3]-[edu.xust.job.GuoLuMainJob.execute()]: 锅炉专家 - 开始分析

2015-02-06 10:22:30
[INFO]-[Thread: DefaultQuartzScheduler_Worker-2]-[edu.xust.job.GuoLuoSafetyJob.execute()]: 锅炉评价专家 - 开始分析

2015-02-06 10:22:30
[INFO]-[Thread: DefaultQuartzScheduler_Worker-9]-[edu.xust.job.PersonJob.execute()]: 人员定位专家  

2015-02-06 10:22:30
[INFO]-[Thread: DefaultQuartzScheduler_Worker-9]-[edu.xust.job.PersonJob.execute()]: 人员定位专家 - 开始分析

2015-02-06 10:22:30
[INFO]-[Thread: DefaultQuartzScheduler_Worker-6]-[edu.xust.expert.gas.GasExpert.start()]: 数据还未更新！

2015-02-06 10:22:30
[INFO]-[Thread: DefaultQuartzScheduler_Worker-9]-[edu.xust.expert.person.PersonExpert.start()]: 数据还未更新！

2015-02-06 10:22:30
[INFO]-[Thread: DefaultQuartzScheduler_Worker-9]-[edu.xust.expert.person.PersonExpert.start()]: 人员专家团队正在建立--------------------------------

2015-02-06 10:22:30
[INFO]-[Thread: DefaultQuartzScheduler_Worker-9]-[edu.xust.job.PersonJob.execute()]: 人员定位 - 结束分析

2015-02-06 10:22:30
[INFO]-[Thread: DefaultQuartzScheduler_Worker-6]-[edu.xust.expert.gas.GasExpert.start()]: 数据还未更新！

2015-02-06 10:22:30
[INFO]-[Thread: DefaultQuartzScheduler_Worker-6]-[edu.xust.job.GasJob.execute()]: 气体专家 - 结束分析

2015-02-06 10:22:30
[INFO]-[Thread: DefaultQuartzScheduler_Worker-3]-[edu.xust.expert.guolu.EachMembership.ff()]: 主体设备数据没有更新

2015-02-06 10:22:30
[INFO]-[Thread: DefaultQuartzScheduler_Worker-3]-[edu.xust.job.GuoLuMainJob.execute()]: 锅炉专家- 结束分析

2015-02-06 10:22:30
[INFO]-[Thread: DefaultQuartzScheduler_Worker-2]-[edu.xust.expert.guolu.count.AcceptData.datajieshou()]: 插入成功

2015-02-06 10:22:30
[INFO]-[Thread: DefaultQuartzScheduler_Worker-2]-[edu.xust.expert.guolu.count.AcceptData.datajieshou()]: 插入成功

2015-02-06 10:22:30
[INFO]-[Thread: DefaultQuartzScheduler_Worker-2]-[edu.xust.expert.guolu.count.Reliability.ff()]: 插入成功

2015-02-06 10:22:30
[INFO]-[Thread: DefaultQuartzScheduler_Worker-2]-[edu.xust.job.GuoLuoSafetyJob.execute()]: 锅炉评价专家- 结束分析

2015-02-06 14:42:16
[INFO]-[Thread: main]-[edu.xust.warn.Core.getScheduler()]: ------- Initializing ----------------------

2015-02-06 14:42:16
[INFO]-[Thread: main]-[org.quartz.impl.StdSchedulerFactory.instantiate()]: Using default implementation for ThreadExecutor

2015-02-06 14:42:16
[INFO]-[Thread: main]-[org.quartz.simpl.SimpleThreadPool.initialize()]: Job execution threads will use class loader of thread: main

2015-02-06 14:42:16
[INFO]-[Thread: main]-[org.quartz.core.SchedulerSignalerImpl.<init>()]: Initialized Scheduler Signaller of type: class org.quartz.core.SchedulerSignalerImpl

2015-02-06 14:42:16
[INFO]-[Thread: main]-[org.quartz.core.QuartzScheduler.<init>()]: Quartz Scheduler v.2.2.1 created.

2015-02-06 14:42:16
[INFO]-[Thread: main]-[org.quartz.simpl.RAMJobStore.initialize()]: RAMJobStore initialized.

2015-02-06 14:42:16
[INFO]-[Thread: main]-[org.quartz.core.QuartzScheduler.initialize()]: Scheduler meta-data: Quartz Scheduler (v2.2.1) 'DefaultQuartzScheduler' with instanceId 'NON_CLUSTERED'
  Scheduler class: 'org.quartz.core.QuartzScheduler' - running locally.
  NOT STARTED.
  Currently in standby mode.
  Number of jobs executed: 0
  Using thread pool 'org.quartz.simpl.SimpleThreadPool' - with 10 threads.
  Using job-store 'org.quartz.simpl.RAMJobStore' - which does not support persistence. and is not clustered.


2015-02-06 14:42:16
[INFO]-[Thread: main]-[org.quartz.impl.StdSchedulerFactory.instantiate()]: Quartz scheduler 'DefaultQuartzScheduler' initialized from default resource file in Quartz package: 'quartz.properties'

2015-02-06 14:42:16
[INFO]-[Thread: main]-[org.quartz.impl.StdSchedulerFactory.instantiate()]: Quartz scheduler version: 2.2.1

2015-02-06 14:42:16
[INFO]-[Thread: main]-[edu.xust.warn.Core.getScheduler()]: ------- Initialization Complete -----------

2015-02-06 14:42:18
[INFO]-[Thread: AWT-EventQueue-0]-[edu.xust.warn.Core.run()]: ------- Scheduling Job  -------------------

2015-02-06 14:42:18
[INFO]-[Thread: AWT-EventQueue-0]-[edu.xust.warn.Core.run()]: ------- Starting Job Complete ----------------

2015-02-06 14:42:18
[INFO]-[Thread: AWT-EventQueue-0]-[edu.xust.warn.Core.run()]: ------- Starting Scheduler ----------------

2015-02-06 14:42:18
[INFO]-[Thread: AWT-EventQueue-0]-[org.quartz.core.QuartzScheduler.start()]: Scheduler DefaultQuartzScheduler_$_NON_CLUSTERED started.

2015-02-06 14:42:18
[INFO]-[Thread: AWT-EventQueue-0]-[edu.xust.warn.Core.run()]: ------- Started Scheduler -----------------

2015-02-06 14:42:19
[INFO]-[Thread: AWT-EventQueue-0]-[edu.xust.warn.Core.run()]: group1.GuoLuMainJob has been scheduled to run at: Fri Feb 06 14:42:20 CST 2015 and repeat based on expression: 0/10 * * * * ?

2015-02-06 14:42:19
[INFO]-[Thread: AWT-EventQueue-0]-[edu.xust.warn.Core.run()]: group1.GuoLuoSafetyJob has been scheduled to run at: Fri Feb 06 14:42:20 CST 2015 and repeat based on expression: 0/5 * * * * ?

2015-02-06 14:42:20
[INFO]-[Thread: DefaultQuartzScheduler_Worker-1]-[edu.xust.job.GuoLuMainJob.execute()]: 锅炉专家 - 

2015-02-06 14:42:20
[INFO]-[Thread: DefaultQuartzScheduler_Worker-1]-[edu.xust.job.GuoLuMainJob.execute()]: 锅炉专家 - 开始分析

2015-02-06 14:42:20
[INFO]-[Thread: DefaultQuartzScheduler_Worker-2]-[edu.xust.job.GuoLuoSafetyJob.execute()]: 锅炉评价专家 - 开始分析

2015-02-06 14:42:20
[INFO]-[Thread: DefaultQuartzScheduler_Worker-2]-[com.mchange.v2.log.MLog.<clinit>()]: MLog clients using log4j logging.

2015-02-06 14:42:20
[INFO]-[Thread: DefaultQuartzScheduler_Worker-2]-[com.mchange.v2.c3p0.C3P0Registry.banner()]: Initializing c3p0-0.9.1.1 [built 15-March-2007 01:32:31; debug? true; trace: 10]

2015-02-06 14:42:20
[INFO]-[Thread: DefaultQuartzScheduler_Worker-2]-[com.mchange.v2.c3p0.impl.AbstractPoolBackedDataSource.getPoolManager()]: Initializing c3p0 pool... com.mchange.v2.c3p0.ComboPooledDataSource [ acquireIncrement -> 5, acquireRetryAttempts -> 30, acquireRetryDelay -> 1000, autoCommitOnClose -> false, automaticTestTable -> null, breakAfterAcquireFailure -> false, checkoutTimeout -> 0, connectionCustomizerClassName -> null, connectionTesterClassName -> com.mchange.v2.c3p0.impl.DefaultConnectionTester, dataSourceName -> mydatasource, debugUnreturnedConnectionStackTraces -> false, description -> null, driverClass -> net.sourceforge.jtds.jdbc.Driver, factoryClassLocation -> null, forceIgnoreUnresolvedTransactions -> false, identityToken -> 1hge1w897pz6y3x1rlx1d3|6f97cf, idleConnectionTestPeriod -> 0, initialPoolSize -> 5, jdbcUrl -> jdbc:jtds:sqlserver://localhost/nanliangdb, lastAcquisitionFailureDefaultUser -> null, maxAdministrativeTaskTime -> 0, maxConnectionAge -> 0, maxIdleTime -> 240, maxIdleTimeExcessConnections -> 0, maxPoolSize -> 20, maxStatements -> 0, maxStatementsPerConnection -> 0, minPoolSize -> 5, numHelperThreads -> 3, numThreadsAwaitingCheckoutDefaultUser -> 0, preferredTestQuery -> null, properties -> {user=******, password=******}, propertyCycle -> 0, testConnectionOnCheckin -> false, testConnectionOnCheckout -> false, unreturnedConnectionTimeout -> 0, usesTraditionalReflectiveProxies -> false ]

2015-02-06 14:42:20
[INFO]-[Thread: DefaultQuartzScheduler_Worker-1]-[edu.xust.expert.guolu.EachMembership.ff()]: 主体设备数据没有更新

2015-02-06 14:42:20
[INFO]-[Thread: DefaultQuartzScheduler_Worker-1]-[edu.xust.job.GuoLuMainJob.execute()]: 锅炉专家- 结束分析

2015-02-06 14:42:20
[INFO]-[Thread: DefaultQuartzScheduler_Worker-2]-[edu.xust.expert.guolu.count.AcceptData.datajieshou()]: 插入成功

2015-02-06 14:42:20
[INFO]-[Thread: DefaultQuartzScheduler_Worker-2]-[edu.xust.expert.guolu.count.AcceptData.datajieshou()]: 插入成功

2015-02-06 14:42:20
[INFO]-[Thread: DefaultQuartzScheduler_Worker-2]-[edu.xust.expert.guolu.count.Reliability.ff()]: 插入成功

2015-02-06 14:42:20
[INFO]-[Thread: DefaultQuartzScheduler_Worker-2]-[edu.xust.job.GuoLuoSafetyJob.execute()]: 锅炉评价专家- 结束分析

2015-02-06 14:42:25
[INFO]-[Thread: DefaultQuartzScheduler_Worker-3]-[edu.xust.job.GuoLuoSafetyJob.execute()]: 锅炉评价专家 - 开始分析

2015-02-06 14:42:25
[INFO]-[Thread: DefaultQuartzScheduler_Worker-3]-[edu.xust.expert.guolu.count.AcceptData.datajieshou()]: 插入成功

2015-02-06 14:42:25
[INFO]-[Thread: DefaultQuartzScheduler_Worker-3]-[edu.xust.expert.guolu.count.AcceptData.datajieshou()]: 插入成功

2015-02-06 14:42:25
[INFO]-[Thread: DefaultQuartzScheduler_Worker-3]-[edu.xust.expert.guolu.count.Reliability.ff()]: 插入成功

2015-02-06 14:42:25
[INFO]-[Thread: DefaultQuartzScheduler_Worker-3]-[edu.xust.job.GuoLuoSafetyJob.execute()]: 锅炉评价专家- 结束分析

2015-02-06 14:42:30
[INFO]-[Thread: DefaultQuartzScheduler_Worker-4]-[edu.xust.job.GuoLuMainJob.execute()]: 锅炉专家 - 

2015-02-06 14:42:30
[INFO]-[Thread: DefaultQuartzScheduler_Worker-4]-[edu.xust.job.GuoLuMainJob.execute()]: 锅炉专家 - 开始分析

2015-02-06 14:42:30
[INFO]-[Thread: DefaultQuartzScheduler_Worker-5]-[edu.xust.job.GuoLuoSafetyJob.execute()]: 锅炉评价专家 - 开始分析

2015-02-06 14:42:30
[INFO]-[Thread: DefaultQuartzScheduler_Worker-4]-[edu.xust.expert.guolu.EachMembership.ff()]: 主体设备数据没有更新

2015-02-06 14:42:30
[INFO]-[Thread: DefaultQuartzScheduler_Worker-4]-[edu.xust.job.GuoLuMainJob.execute()]: 锅炉专家- 结束分析

2015-02-06 14:42:30
[INFO]-[Thread: DefaultQuartzScheduler_Worker-5]-[edu.xust.expert.guolu.count.AcceptData.datajieshou()]: 插入成功

2015-02-06 14:42:30
[INFO]-[Thread: DefaultQuartzScheduler_Worker-5]-[edu.xust.expert.guolu.count.AcceptData.datajieshou()]: 插入成功

2015-02-06 14:42:30
[INFO]-[Thread: DefaultQuartzScheduler_Worker-5]-[edu.xust.expert.guolu.count.Reliability.ff()]: 插入成功

2015-02-06 14:42:30
[INFO]-[Thread: DefaultQuartzScheduler_Worker-5]-[edu.xust.job.GuoLuoSafetyJob.execute()]: 锅炉评价专家- 结束分析

2015-02-06 14:42:35
[INFO]-[Thread: DefaultQuartzScheduler_Worker-6]-[edu.xust.job.GuoLuoSafetyJob.execute()]: 锅炉评价专家 - 开始分析

2015-02-06 14:42:35
[INFO]-[Thread: DefaultQuartzScheduler_Worker-6]-[edu.xust.expert.guolu.count.AcceptData.datajieshou()]: 插入成功

2015-02-06 14:42:35
[INFO]-[Thread: DefaultQuartzScheduler_Worker-6]-[edu.xust.expert.guolu.count.AcceptData.datajieshou()]: 插入成功

2015-02-06 14:42:35
[INFO]-[Thread: DefaultQuartzScheduler_Worker-6]-[edu.xust.expert.guolu.count.Reliability.ff()]: 插入成功

2015-02-06 14:42:35
[INFO]-[Thread: DefaultQuartzScheduler_Worker-6]-[edu.xust.job.GuoLuoSafetyJob.execute()]: 锅炉评价专家- 结束分析

2015-02-06 14:46:16
[INFO]-[Thread: main]-[edu.xust.warn.Core.getScheduler()]: ------- Initializing ----------------------

2015-02-06 14:46:17
[INFO]-[Thread: main]-[org.quartz.impl.StdSchedulerFactory.instantiate()]: Using default implementation for ThreadExecutor

2015-02-06 14:46:17
[INFO]-[Thread: main]-[org.quartz.simpl.SimpleThreadPool.initialize()]: Job execution threads will use class loader of thread: main

2015-02-06 14:46:17
[INFO]-[Thread: main]-[org.quartz.core.SchedulerSignalerImpl.<init>()]: Initialized Scheduler Signaller of type: class org.quartz.core.SchedulerSignalerImpl

2015-02-06 14:46:17
[INFO]-[Thread: main]-[org.quartz.core.QuartzScheduler.<init>()]: Quartz Scheduler v.2.2.1 created.

2015-02-06 14:46:17
[INFO]-[Thread: main]-[org.quartz.simpl.RAMJobStore.initialize()]: RAMJobStore initialized.

2015-02-06 14:46:17
[INFO]-[Thread: main]-[org.quartz.core.QuartzScheduler.initialize()]: Scheduler meta-data: Quartz Scheduler (v2.2.1) 'DefaultQuartzScheduler' with instanceId 'NON_CLUSTERED'
  Scheduler class: 'org.quartz.core.QuartzScheduler' - running locally.
  NOT STARTED.
  Currently in standby mode.
  Number of jobs executed: 0
  Using thread pool 'org.quartz.simpl.SimpleThreadPool' - with 10 threads.
  Using job-store 'org.quartz.simpl.RAMJobStore' - which does not support persistence. and is not clustered.


2015-02-06 14:46:17
[INFO]-[Thread: main]-[org.quartz.impl.StdSchedulerFactory.instantiate()]: Quartz scheduler 'DefaultQuartzScheduler' initialized from default resource file in Quartz package: 'quartz.properties'

2015-02-06 14:46:17
[INFO]-[Thread: main]-[org.quartz.impl.StdSchedulerFactory.instantiate()]: Quartz scheduler version: 2.2.1

2015-02-06 14:46:17
[INFO]-[Thread: main]-[edu.xust.warn.Core.getScheduler()]: ------- Initialization Complete -----------

2015-02-06 14:46:19
[INFO]-[Thread: AWT-EventQueue-0]-[edu.xust.warn.Core.run()]: ------- Scheduling Job  -------------------

2015-02-06 14:46:19
[INFO]-[Thread: AWT-EventQueue-0]-[edu.xust.warn.Core.run()]: ------- Starting Job Complete ----------------

2015-02-06 14:46:19
[INFO]-[Thread: AWT-EventQueue-0]-[edu.xust.warn.Core.run()]: ------- Starting Scheduler ----------------

2015-02-06 14:46:19
[INFO]-[Thread: AWT-EventQueue-0]-[org.quartz.core.QuartzScheduler.start()]: Scheduler DefaultQuartzScheduler_$_NON_CLUSTERED started.

2015-02-06 14:46:19
[INFO]-[Thread: AWT-EventQueue-0]-[edu.xust.warn.Core.run()]: ------- Started Scheduler -----------------

2015-02-06 14:46:19
[INFO]-[Thread: AWT-EventQueue-0]-[edu.xust.warn.Core.run()]: group1.GuoLuMainJob has been scheduled to run at: Fri Feb 06 14:46:20 CST 2015 and repeat based on expression: 0/10 * * * * ?

2015-02-06 14:46:19
[INFO]-[Thread: AWT-EventQueue-0]-[edu.xust.warn.Core.run()]: group1.GuoLuAuxJob has been scheduled to run at: Fri Feb 06 14:46:20 CST 2015 and repeat based on expression: 0/10 * * * * ?

2015-02-06 14:46:19
[INFO]-[Thread: AWT-EventQueue-0]-[edu.xust.warn.Core.run()]: group1.GuoLuoSafetyJob has been scheduled to run at: Sun Mar 01 12:00:00 CST 2015 and repeat based on expression: 0 0 12 1 * ?

2015-02-06 14:46:20
[INFO]-[Thread: DefaultQuartzScheduler_Worker-1]-[edu.xust.job.GuoLuMainJob.execute()]: 锅炉专家 - 

2015-02-06 14:46:20
[INFO]-[Thread: DefaultQuartzScheduler_Worker-1]-[edu.xust.job.GuoLuMainJob.execute()]: 锅炉专家 - 开始分析

2015-02-06 14:46:20
[INFO]-[Thread: DefaultQuartzScheduler_Worker-2]-[edu.xust.job.GuoLuAuxJob.execute()]: 锅炉辅助设备专家 - 开始分析

2015-02-06 14:46:20
[INFO]-[Thread: DefaultQuartzScheduler_Worker-2]-[com.mchange.v2.log.MLog.<clinit>()]: MLog clients using log4j logging.

2015-02-06 14:46:20
[INFO]-[Thread: DefaultQuartzScheduler_Worker-2]-[com.mchange.v2.c3p0.C3P0Registry.banner()]: Initializing c3p0-0.9.1.1 [built 15-March-2007 01:32:31; debug? true; trace: 10]

2015-02-06 14:46:20
[INFO]-[Thread: DefaultQuartzScheduler_Worker-2]-[com.mchange.v2.c3p0.impl.AbstractPoolBackedDataSource.getPoolManager()]: Initializing c3p0 pool... com.mchange.v2.c3p0.ComboPooledDataSource [ acquireIncrement -> 5, acquireRetryAttempts -> 30, acquireRetryDelay -> 1000, autoCommitOnClose -> false, automaticTestTable -> null, breakAfterAcquireFailure -> false, checkoutTimeout -> 0, connectionCustomizerClassName -> null, connectionTesterClassName -> com.mchange.v2.c3p0.impl.DefaultConnectionTester, dataSourceName -> mydatasource, debugUnreturnedConnectionStackTraces -> false, description -> null, driverClass -> net.sourceforge.jtds.jdbc.Driver, factoryClassLocation -> null, forceIgnoreUnresolvedTransactions -> false, identityToken -> 1hge1w897pzc3b2as705d|100c776, idleConnectionTestPeriod -> 0, initialPoolSize -> 5, jdbcUrl -> jdbc:jtds:sqlserver://localhost/nanliangdb, lastAcquisitionFailureDefaultUser -> null, maxAdministrativeTaskTime -> 0, maxConnectionAge -> 0, maxIdleTime -> 240, maxIdleTimeExcessConnections -> 0, maxPoolSize -> 20, maxStatements -> 0, maxStatementsPerConnection -> 0, minPoolSize -> 5, numHelperThreads -> 3, numThreadsAwaitingCheckoutDefaultUser -> 0, preferredTestQuery -> null, properties -> {user=******, password=******}, propertyCycle -> 0, testConnectionOnCheckin -> false, testConnectionOnCheckout -> false, unreturnedConnectionTimeout -> 0, usesTraditionalReflectiveProxies -> false ]

2015-02-06 14:46:20
[INFO]-[Thread: DefaultQuartzScheduler_Worker-1]-[edu.xust.expert.guolu.EachMembership.ff()]: 主体设备数据没有更新

2015-02-06 14:46:20
[INFO]-[Thread: DefaultQuartzScheduler_Worker-1]-[edu.xust.job.GuoLuMainJob.execute()]: 锅炉专家- 结束分析

2015-02-06 14:46:20
[INFO]-[Thread: DefaultQuartzScheduler_Worker-2]-[edu.xust.expert.guolu.GuoLuAuxExpert.start()]: 辅助设备数据没有更新

2015-02-06 14:46:20
[INFO]-[Thread: DefaultQuartzScheduler_Worker-2]-[edu.xust.job.GuoLuAuxJob.execute()]: 锅炉辅助设备专家 - 结束分析
